<?xml version="1.0" encoding="UTF-8"?>
<testng-results ignored="0" total="42" passed="42" failed="0" skipped="0">
  <reporter-output>
  </reporter-output>
  <suite started-at="2026-05-26T06:13:45 IST" name="OpenCart Suite" finished-at="2026-05-26T06:15:25 IST" duration-ms="100362">
    <groups>
      <group name="cucumber">
        <method signature="AbstractTestNGCucumberTests.runScenario(io.cucumber.testng.PickleWrapper,io.cucumber.testng.FeatureWrapper)[pri:0, instance:Runners.OpenCartRunner@3857f613]" name="runScenario" class="io.cucumber.testng.AbstractTestNGCucumberTests"/>
        <method signature="AbstractTestNGCucumberTests.runScenario(io.cucumber.testng.PickleWrapper,io.cucumber.testng.FeatureWrapper)[pri:0, instance:Runners.OpenCartRunner@ae13544]" name="runScenario" class="io.cucumber.testng.AbstractTestNGCucumberTests"/>
      </group> <!-- cucumber -->
    </groups>
    <test started-at="2026-05-26T06:13:45 IST" name="Chrome Test" finished-at="2026-05-26T06:15:25 IST" duration-ms="100268">
      <class name="Runners.OpenCartRunner">
        <test-method is-config="true" signature="setBrowser(java.lang.String)[pri:0, instance:Runners.OpenCartRunner@3857f613]" started-at="2026-05-26T06:13:45 IST" name="setBrowser" finished-at="2026-05-26T06:13:45 IST" duration-ms="18" status="PASS">
          <params>
            <param index="0">
              <value>
                <![CDATA[chrome]]>
              </value>
            </param>
          </params>
          <reporter-output>
          </reporter-output>
        </test-method> <!-- setBrowser -->
        <test-method is-config="true" signature="setUpClass(org.testng.ITestContext)[pri:0, instance:Runners.OpenCartRunner@3857f613]" started-at="2026-05-26T06:13:45 IST" name="setUpClass" finished-at="2026-05-26T06:13:45 IST" duration-ms="588" status="PASS">
          <params>
            <param index="0">
              <value>
                <![CDATA[org.testng.TestRunner@c03cf28]]>
              </value>
            </param>
          </params>
          <reporter-output>
          </reporter-output>
        </test-method> <!-- setUpClass -->
        <test-method signature="runScenario(io.cucumber.testng.PickleWrapper,io.cucumber.testng.FeatureWrapper)[pri:0, instance:Runners.OpenCartRunner@3857f613]" started-at="2026-05-26T06:13:45 IST" name="runScenario" description="Runs Cucumber Scenarios" data-provider="scenarios" finished-at="2026-05-26T06:13:51 IST" duration-ms="5650" status="PASS">
          <params>
            <param index="0">
              <value>
                <![CDATA["Login with valid email and password"]]>
              </value>
            </param>
            <param index="1">
              <value>
                <![CDATA["Open Cart Login Module"]]>
              </value>
            </param>
          </params>
          <reporter-output>
          </reporter-output>
        </test-method> <!-- runScenario -->
        <test-method signature="runScenario(io.cucumber.testng.PickleWrapper,io.cucumber.testng.FeatureWrapper)[pri:0, instance:Runners.OpenCartRunner@3857f613]" started-at="2026-05-26T06:13:51 IST" name="runScenario" description="Runs Cucumber Scenarios" data-provider="scenarios" finished-at="2026-05-26T06:13:54 IST" duration-ms="3223" status="PASS">
          <params>
            <param index="0">
              <value>
                <![CDATA["Login with invalid email and password"]]>
              </value>
            </param>
            <param index="1">
              <value>
                <![CDATA["Open Cart Login Module"]]>
              </value>
            </param>
          </params>
          <reporter-output>
          </reporter-output>
        </test-method> <!-- runScenario -->
        <test-method signature="runScenario(io.cucumber.testng.PickleWrapper,io.cucumber.testng.FeatureWrapper)[pri:0, instance:Runners.OpenCartRunner@3857f613]" started-at="2026-05-26T06:13:54 IST" name="runScenario" description="Runs Cucumber Scenarios" data-provider="scenarios" finished-at="2026-05-26T06:13:56 IST" duration-ms="2396" status="PASS">
          <params>
            <param index="0">
              <value>
                <![CDATA["Login with invalid email and password"]]>
              </value>
            </param>
            <param index="1">
              <value>
                <![CDATA["Open Cart Login Module"]]>
              </value>
            </param>
          </params>
          <reporter-output>
          </reporter-output>
        </test-method> <!-- runScenario -->
        <test-method signature="runScenario(io.cucumber.testng.PickleWrapper,io.cucumber.testng.FeatureWrapper)[pri:0, instance:Runners.OpenCartRunner@3857f613]" started-at="2026-05-26T06:13:56 IST" name="runScenario" description="Runs Cucumber Scenarios" data-provider="scenarios" finished-at="2026-05-26T06:13:59 IST" duration-ms="2620" status="PASS">
          <params>
            <param index="0">
              <value>
                <![CDATA["Login with blank credentials"]]>
              </value>
            </param>
            <param index="1">
              <value>
                <![CDATA["Open Cart Login Module"]]>
              </value>
            </param>
          </params>
          <reporter-output>
          </reporter-output>
        </test-method> <!-- runScenario -->
        <test-method signature="runScenario(io.cucumber.testng.PickleWrapper,io.cucumber.testng.FeatureWrapper)[pri:0, instance:Runners.OpenCartRunner@3857f613]" started-at="2026-05-26T06:13:59 IST" name="runScenario" description="Runs Cucumber Scenarios" data-provider="scenarios" finished-at="2026-05-26T06:14:01 IST" duration-ms="1938" status="PASS">
          <params>
            <param index="0">
              <value>
                <![CDATA["Verify navigation to Registration page"]]>
              </value>
            </param>
            <param index="1">
              <value>
                <![CDATA["Open Cart Registration Module"]]>
              </value>
            </param>
          </params>
          <reporter-output>
          </reporter-output>
        </test-method> <!-- runScenario -->
        <test-method signature="runScenario(io.cucumber.testng.PickleWrapper,io.cucumber.testng.FeatureWrapper)[pri:0, instance:Runners.OpenCartRunner@3857f613]" started-at="2026-05-26T06:14:01 IST" name="runScenario" description="Runs Cucumber Scenarios" data-provider="scenarios" finished-at="2026-05-26T06:14:06 IST" duration-ms="4659" status="PASS">
          <params>
            <param index="0">
              <value>
                <![CDATA["Register user with valid Details"]]>
              </value>
            </param>
            <param index="1">
              <value>
                <![CDATA["Open Cart Registration Module"]]>
              </value>
            </param>
          </params>
          <reporter-output>
          </reporter-output>
        </test-method> <!-- runScenario -->
        <test-method signature="runScenario(io.cucumber.testng.PickleWrapper,io.cucumber.testng.FeatureWrapper)[pri:0, instance:Runners.OpenCartRunner@3857f613]" started-at="2026-05-26T06:14:06 IST" name="runScenario" description="Runs Cucumber Scenarios" data-provider="scenarios" finished-at="2026-05-26T06:14:09 IST" duration-ms="2933" status="PASS">
          <params>
            <param index="0">
              <value>
                <![CDATA["Register User with existing email"]]>
              </value>
            </param>
            <param index="1">
              <value>
                <![CDATA["Open Cart Registration Module"]]>
              </value>
            </param>
          </params>
          <reporter-output>
          </reporter-output>
        </test-method> <!-- runScenario -->
        <test-method signature="runScenario(io.cucumber.testng.PickleWrapper,io.cucumber.testng.FeatureWrapper)[pri:0, instance:Runners.OpenCartRunner@3857f613]" started-at="2026-05-26T06:14:09 IST" name="runScenario" description="Runs Cucumber Scenarios" data-provider="scenarios" finished-at="2026-05-26T06:14:12 IST" duration-ms="2897" status="PASS">
          <params>
            <param index="0">
              <value>
                <![CDATA["Register User with existing email"]]>
              </value>
            </param>
            <param index="1">
              <value>
                <![CDATA["Open Cart Registration Module"]]>
              </value>
            </param>
          </params>
          <reporter-output>
          </reporter-output>
        </test-method> <!-- runScenario -->
        <test-method signature="runScenario(io.cucumber.testng.PickleWrapper,io.cucumber.testng.FeatureWrapper)[pri:0, instance:Runners.OpenCartRunner@3857f613]" started-at="2026-05-26T06:14:12 IST" name="runScenario" description="Runs Cucumber Scenarios" data-provider="scenarios" finished-at="2026-05-26T06:14:15 IST" duration-ms="3036" status="PASS">
          <params>
            <param index="0">
              <value>
                <![CDATA["Verify mandatory field validation messages"]]>
              </value>
            </param>
            <param index="1">
              <value>
                <![CDATA["Open Cart Registration Module"]]>
              </value>
            </param>
          </params>
          <reporter-output>
          </reporter-output>
        </test-method> <!-- runScenario -->
        <test-method signature="runScenario(io.cucumber.testng.PickleWrapper,io.cucumber.testng.FeatureWrapper)[pri:0, instance:Runners.OpenCartRunner@3857f613]" started-at="2026-05-26T06:14:15 IST" name="runScenario" description="Runs Cucumber Scenarios" data-provider="scenarios" finished-at="2026-05-26T06:14:18 IST" duration-ms="3151" status="PASS">
          <params>
            <param index="0">
              <value>
                <![CDATA["Verify password mismatch validation"]]>
              </value>
            </param>
            <param index="1">
              <value>
                <![CDATA["Open Cart Registration Module"]]>
              </value>
            </param>
          </params>
          <reporter-output>
          </reporter-output>
        </test-method> <!-- runScenario -->
        <test-method signature="runScenario(io.cucumber.testng.PickleWrapper,io.cucumber.testng.FeatureWrapper)[pri:0, instance:Runners.OpenCartRunner@3857f613]" started-at="2026-05-26T06:14:18 IST" name="runScenario" description="Runs Cucumber Scenarios" data-provider="scenarios" finished-at="2026-05-26T06:14:23 IST" duration-ms="4867" status="PASS">
          <params>
            <param index="0">
              <value>
                <![CDATA["Search Product using valid keyword"]]>
              </value>
            </param>
            <param index="1">
              <value>
                <![CDATA["Open Cart Product Module"]]>
              </value>
            </param>
          </params>
          <reporter-output>
          </reporter-output>
        </test-method> <!-- runScenario -->
        <test-method signature="runScenario(io.cucumber.testng.PickleWrapper,io.cucumber.testng.FeatureWrapper)[pri:0, instance:Runners.OpenCartRunner@3857f613]" started-at="2026-05-26T06:14:23 IST" name="runScenario" description="Runs Cucumber Scenarios" data-provider="scenarios" finished-at="2026-05-26T06:14:28 IST" duration-ms="5111" status="PASS">
          <params>
            <param index="0">
              <value>
                <![CDATA["Search Product using valid keyword"]]>
              </value>
            </param>
            <param index="1">
              <value>
                <![CDATA["Open Cart Product Module"]]>
              </value>
            </param>
          </params>
          <reporter-output>
          </reporter-output>
        </test-method> <!-- runScenario -->
        <test-method signature="runScenario(io.cucumber.testng.PickleWrapper,io.cucumber.testng.FeatureWrapper)[pri:0, instance:Runners.OpenCartRunner@3857f613]" started-at="2026-05-26T06:14:28 IST" name="runScenario" description="Runs Cucumber Scenarios" data-provider="scenarios" finished-at="2026-05-26T06:14:31 IST" duration-ms="3749" status="PASS">
          <params>
            <param index="0">
              <value>
                <![CDATA["Search Product using invalid keyword"]]>
              </value>
            </param>
            <param index="1">
              <value>
                <![CDATA["Open Cart Product Module"]]>
              </value>
            </param>
          </params>
          <reporter-output>
          </reporter-output>
        </test-method> <!-- runScenario -->
        <test-method signature="runScenario(io.cucumber.testng.PickleWrapper,io.cucumber.testng.FeatureWrapper)[pri:0, instance:Runners.OpenCartRunner@3857f613]" started-at="2026-05-26T06:14:31 IST" name="runScenario" description="Runs Cucumber Scenarios" data-provider="scenarios" finished-at="2026-05-26T06:14:35 IST" duration-ms="3573" status="PASS">
          <params>
            <param index="0">
              <value>
                <![CDATA["Search Product using invalid keyword"]]>
              </value>
            </param>
            <param index="1">
              <value>
                <![CDATA["Open Cart Product Module"]]>
              </value>
            </param>
          </params>
          <reporter-output>
          </reporter-output>
        </test-method> <!-- runScenario -->
        <test-method signature="runScenario(io.cucumber.testng.PickleWrapper,io.cucumber.testng.FeatureWrapper)[pri:0, instance:Runners.OpenCartRunner@3857f613]" started-at="2026-05-26T06:14:35 IST" name="runScenario" description="Runs Cucumber Scenarios" data-provider="scenarios" finished-at="2026-05-26T06:14:40 IST" duration-ms="4679" status="PASS">
          <params>
            <param index="0">
              <value>
                <![CDATA["Search Product with empty field"]]>
              </value>
            </param>
            <param index="1">
              <value>
                <![CDATA["Open Cart Product Module"]]>
              </value>
            </param>
          </params>
          <reporter-output>
          </reporter-output>
        </test-method> <!-- runScenario -->
        <test-method signature="runScenario(io.cucumber.testng.PickleWrapper,io.cucumber.testng.FeatureWrapper)[pri:0, instance:Runners.OpenCartRunner@3857f613]" started-at="2026-05-26T06:14:40 IST" name="runScenario" description="Runs Cucumber Scenarios" data-provider="scenarios" finished-at="2026-05-26T06:14:44 IST" duration-ms="4775" status="PASS">
          <params>
            <param index="0">
              <value>
                <![CDATA["Add product to cart"]]>
              </value>
            </param>
            <param index="1">
              <value>
                <![CDATA["Open Cart cart Module"]]>
              </value>
            </param>
          </params>
          <reporter-output>
          </reporter-output>
        </test-method> <!-- runScenario -->
        <test-method signature="runScenario(io.cucumber.testng.PickleWrapper,io.cucumber.testng.FeatureWrapper)[pri:0, instance:Runners.OpenCartRunner@3857f613]" started-at="2026-05-26T06:14:44 IST" name="runScenario" description="Runs Cucumber Scenarios" data-provider="scenarios" finished-at="2026-05-26T06:14:49 IST" duration-ms="4568" status="PASS">
          <params>
            <param index="0">
              <value>
                <![CDATA["Update product quantity"]]>
              </value>
            </param>
            <param index="1">
              <value>
                <![CDATA["Open Cart cart Module"]]>
              </value>
            </param>
          </params>
          <reporter-output>
          </reporter-output>
        </test-method> <!-- runScenario -->
        <test-method signature="runScenario(io.cucumber.testng.PickleWrapper,io.cucumber.testng.FeatureWrapper)[pri:0, instance:Runners.OpenCartRunner@3857f613]" started-at="2026-05-26T06:14:49 IST" name="runScenario" description="Runs Cucumber Scenarios" data-provider="scenarios" finished-at="2026-05-26T06:14:55 IST" duration-ms="5743" status="PASS">
          <params>
            <param index="0">
              <value>
                <![CDATA["Remove product from cart"]]>
              </value>
            </param>
            <param index="1">
              <value>
                <![CDATA["Open Cart cart Module"]]>
              </value>
            </param>
          </params>
          <reporter-output>
          </reporter-output>
        </test-method> <!-- runScenario -->
        <test-method signature="runScenario(io.cucumber.testng.PickleWrapper,io.cucumber.testng.FeatureWrapper)[pri:0, instance:Runners.OpenCartRunner@3857f613]" started-at="2026-05-26T06:14:55 IST" name="runScenario" description="Runs Cucumber Scenarios" data-provider="scenarios" finished-at="2026-05-26T06:15:09 IST" duration-ms="13769" status="PASS">
          <params>
            <param index="0">
              <value>
                <![CDATA["Verify empty cart message"]]>
              </value>
            </param>
            <param index="1">
              <value>
                <![CDATA["Open Cart cart Module"]]>
              </value>
            </param>
          </params>
          <reporter-output>
          </reporter-output>
        </test-method> <!-- runScenario -->
        <test-method signature="runScenario(io.cucumber.testng.PickleWrapper,io.cucumber.testng.FeatureWrapper)[pri:0, instance:Runners.OpenCartRunner@3857f613]" started-at="2026-05-26T06:15:09 IST" name="runScenario" description="Runs Cucumber Scenarios" data-provider="scenarios" finished-at="2026-05-26T06:15:18 IST" duration-ms="9848" status="PASS">
          <params>
            <param index="0">
              <value>
                <![CDATA["Verify Checkout functionality"]]>
              </value>
            </param>
            <param index="1">
              <value>
                <![CDATA["Open Cart Checkout Feature"]]>
              </value>
            </param>
          </params>
          <reporter-output>
          </reporter-output>
        </test-method> <!-- runScenario -->
        <test-method signature="runScenario(io.cucumber.testng.PickleWrapper,io.cucumber.testng.FeatureWrapper)[pri:0, instance:Runners.OpenCartRunner@3857f613]" started-at="2026-05-26T06:15:18 IST" name="runScenario" description="Runs Cucumber Scenarios" data-provider="scenarios" finished-at="2026-05-26T06:15:25 IST" duration-ms="6406" status="PASS">
          <params>
            <param index="0">
              <value>
                <![CDATA["Verify logout functionality"]]>
              </value>
            </param>
            <param index="1">
              <value>
                <![CDATA["Open Cart Logout Module"]]>
              </value>
            </param>
          </params>
          <reporter-output>
          </reporter-output>
        </test-method> <!-- runScenario -->
        <test-method is-config="true" signature="tearDownClass()[pri:0, instance:Runners.OpenCartRunner@3857f613]" started-at="2026-05-26T06:15:25 IST" name="tearDownClass" finished-at="2026-05-26T06:15:25 IST" duration-ms="16" status="PASS">
          <reporter-output>
          </reporter-output>
        </test-method> <!-- tearDownClass -->
      </class> <!-- Runners.OpenCartRunner -->
    </test> <!-- Chrome Test -->
    <test started-at="2026-05-26T06:13:45 IST" name="Edge Test" finished-at="2026-05-26T06:15:25 IST" duration-ms="100362">
      <class name="Runners.OpenCartRunner">
        <test-method is-config="true" signature="setBrowser(java.lang.String)[pri:0, instance:Runners.OpenCartRunner@ae13544]" started-at="2026-05-26T06:13:45 IST" name="setBrowser" finished-at="2026-05-26T06:13:45 IST" duration-ms="16" status="PASS">
          <params>
            <param index="0">
              <value>
                <![CDATA[edge]]>
              </value>
            </param>
          </params>
          <reporter-output>
          </reporter-output>
        </test-method> <!-- setBrowser -->
        <test-method is-config="true" signature="setUpClass(org.testng.ITestContext)[pri:0, instance:Runners.OpenCartRunner@ae13544]" started-at="2026-05-26T06:13:45 IST" name="setUpClass" finished-at="2026-05-26T06:13:45 IST" duration-ms="589" status="PASS">
          <params>
            <param index="0">
              <value>
                <![CDATA[org.testng.TestRunner@1329eff]]>
              </value>
            </param>
          </params>
          <reporter-output>
          </reporter-output>
        </test-method> <!-- setUpClass -->
        <test-method signature="runScenario(io.cucumber.testng.PickleWrapper,io.cucumber.testng.FeatureWrapper)[pri:0, instance:Runners.OpenCartRunner@ae13544]" started-at="2026-05-26T06:13:45 IST" name="runScenario" description="Runs Cucumber Scenarios" data-provider="scenarios" finished-at="2026-05-26T06:13:51 IST" duration-ms="5696" status="PASS">
          <params>
            <param index="0">
              <value>
                <![CDATA["Login with valid email and password"]]>
              </value>
            </param>
            <param index="1">
              <value>
                <![CDATA["Open Cart Login Module"]]>
              </value>
            </param>
          </params>
          <reporter-output>
          </reporter-output>
        </test-method> <!-- runScenario -->
        <test-method signature="runScenario(io.cucumber.testng.PickleWrapper,io.cucumber.testng.FeatureWrapper)[pri:0, instance:Runners.OpenCartRunner@ae13544]" started-at="2026-05-26T06:13:51 IST" name="runScenario" description="Runs Cucumber Scenarios" data-provider="scenarios" finished-at="2026-05-26T06:13:54 IST" duration-ms="3120" status="PASS">
          <params>
            <param index="0">
              <value>
                <![CDATA["Login with invalid email and password"]]>
              </value>
            </param>
            <param index="1">
              <value>
                <![CDATA["Open Cart Login Module"]]>
              </value>
            </param>
          </params>
          <reporter-output>
          </reporter-output>
        </test-method> <!-- runScenario -->
        <test-method signature="runScenario(io.cucumber.testng.PickleWrapper,io.cucumber.testng.FeatureWrapper)[pri:0, instance:Runners.OpenCartRunner@ae13544]" started-at="2026-05-26T06:13:54 IST" name="runScenario" description="Runs Cucumber Scenarios" data-provider="scenarios" finished-at="2026-05-26T06:13:57 IST" duration-ms="2581" status="PASS">
          <params>
            <param index="0">
              <value>
                <![CDATA["Login with invalid email and password"]]>
              </value>
            </param>
            <param index="1">
              <value>
                <![CDATA["Open Cart Login Module"]]>
              </value>
            </param>
          </params>
          <reporter-output>
          </reporter-output>
        </test-method> <!-- runScenario -->
        <test-method signature="runScenario(io.cucumber.testng.PickleWrapper,io.cucumber.testng.FeatureWrapper)[pri:0, instance:Runners.OpenCartRunner@ae13544]" started-at="2026-05-26T06:13:57 IST" name="runScenario" description="Runs Cucumber Scenarios" data-provider="scenarios" finished-at="2026-05-26T06:14:00 IST" duration-ms="3204" status="PASS">
          <params>
            <param index="0">
              <value>
                <![CDATA["Login with blank credentials"]]>
              </value>
            </param>
            <param index="1">
              <value>
                <![CDATA["Open Cart Login Module"]]>
              </value>
            </param>
          </params>
          <reporter-output>
          </reporter-output>
        </test-method> <!-- runScenario -->
        <test-method signature="runScenario(io.cucumber.testng.PickleWrapper,io.cucumber.testng.FeatureWrapper)[pri:0, instance:Runners.OpenCartRunner@ae13544]" started-at="2026-05-26T06:14:00 IST" name="runScenario" description="Runs Cucumber Scenarios" data-provider="scenarios" finished-at="2026-05-26T06:14:02 IST" duration-ms="2242" status="PASS">
          <params>
            <param index="0">
              <value>
                <![CDATA["Verify navigation to Registration page"]]>
              </value>
            </param>
            <param index="1">
              <value>
                <![CDATA["Open Cart Registration Module"]]>
              </value>
            </param>
          </params>
          <reporter-output>
          </reporter-output>
        </test-method> <!-- runScenario -->
        <test-method signature="runScenario(io.cucumber.testng.PickleWrapper,io.cucumber.testng.FeatureWrapper)[pri:0, instance:Runners.OpenCartRunner@ae13544]" started-at="2026-05-26T06:14:02 IST" name="runScenario" description="Runs Cucumber Scenarios" data-provider="scenarios" finished-at="2026-05-26T06:14:06 IST" duration-ms="3876" status="PASS">
          <params>
            <param index="0">
              <value>
                <![CDATA["Register user with valid Details"]]>
              </value>
            </param>
            <param index="1">
              <value>
                <![CDATA["Open Cart Registration Module"]]>
              </value>
            </param>
          </params>
          <reporter-output>
          </reporter-output>
        </test-method> <!-- runScenario -->
        <test-method signature="runScenario(io.cucumber.testng.PickleWrapper,io.cucumber.testng.FeatureWrapper)[pri:0, instance:Runners.OpenCartRunner@ae13544]" started-at="2026-05-26T06:14:06 IST" name="runScenario" description="Runs Cucumber Scenarios" data-provider="scenarios" finished-at="2026-05-26T06:14:09 IST" duration-ms="3088" status="PASS">
          <params>
            <param index="0">
              <value>
                <![CDATA["Register User with existing email"]]>
              </value>
            </param>
            <param index="1">
              <value>
                <![CDATA["Open Cart Registration Module"]]>
              </value>
            </param>
          </params>
          <reporter-output>
          </reporter-output>
        </test-method> <!-- runScenario -->
        <test-method signature="runScenario(io.cucumber.testng.PickleWrapper,io.cucumber.testng.FeatureWrapper)[pri:0, instance:Runners.OpenCartRunner@ae13544]" started-at="2026-05-26T06:14:09 IST" name="runScenario" description="Runs Cucumber Scenarios" data-provider="scenarios" finished-at="2026-05-26T06:14:12 IST" duration-ms="2784" status="PASS">
          <params>
            <param index="0">
              <value>
                <![CDATA["Register User with existing email"]]>
              </value>
            </param>
            <param index="1">
              <value>
                <![CDATA["Open Cart Registration Module"]]>
              </value>
            </param>
          </params>
          <reporter-output>
          </reporter-output>
        </test-method> <!-- runScenario -->
        <test-method signature="runScenario(io.cucumber.testng.PickleWrapper,io.cucumber.testng.FeatureWrapper)[pri:0, instance:Runners.OpenCartRunner@ae13544]" started-at="2026-05-26T06:14:12 IST" name="runScenario" description="Runs Cucumber Scenarios" data-provider="scenarios" finished-at="2026-05-26T06:14:15 IST" duration-ms="2985" status="PASS">
          <params>
            <param index="0">
              <value>
                <![CDATA["Verify mandatory field validation messages"]]>
              </value>
            </param>
            <param index="1">
              <value>
                <![CDATA["Open Cart Registration Module"]]>
              </value>
            </param>
          </params>
          <reporter-output>
          </reporter-output>
        </test-method> <!-- runScenario -->
        <test-method signature="runScenario(io.cucumber.testng.PickleWrapper,io.cucumber.testng.FeatureWrapper)[pri:0, instance:Runners.OpenCartRunner@ae13544]" started-at="2026-05-26T06:14:15 IST" name="runScenario" description="Runs Cucumber Scenarios" data-provider="scenarios" finished-at="2026-05-26T06:14:18 IST" duration-ms="3118" status="PASS">
          <params>
            <param index="0">
              <value>
                <![CDATA["Verify password mismatch validation"]]>
              </value>
            </param>
            <param index="1">
              <value>
                <![CDATA["Open Cart Registration Module"]]>
              </value>
            </param>
          </params>
          <reporter-output>
          </reporter-output>
        </test-method> <!-- runScenario -->
        <test-method signature="runScenario(io.cucumber.testng.PickleWrapper,io.cucumber.testng.FeatureWrapper)[pri:0, instance:Runners.OpenCartRunner@ae13544]" started-at="2026-05-26T06:14:18 IST" name="runScenario" description="Runs Cucumber Scenarios" data-provider="scenarios" finished-at="2026-05-26T06:14:23 IST" duration-ms="4734" status="PASS">
          <params>
            <param index="0">
              <value>
                <![CDATA["Search Product using valid keyword"]]>
              </value>
            </param>
            <param index="1">
              <value>
                <![CDATA["Open Cart Product Module"]]>
              </value>
            </param>
          </params>
          <reporter-output>
          </reporter-output>
        </test-method> <!-- runScenario -->
        <test-method signature="runScenario(io.cucumber.testng.PickleWrapper,io.cucumber.testng.FeatureWrapper)[pri:0, instance:Runners.OpenCartRunner@ae13544]" started-at="2026-05-26T06:14:23 IST" name="runScenario" description="Runs Cucumber Scenarios" data-provider="scenarios" finished-at="2026-05-26T06:14:27 IST" duration-ms="4329" status="PASS">
          <params>
            <param index="0">
              <value>
                <![CDATA["Search Product using valid keyword"]]>
              </value>
            </param>
            <param index="1">
              <value>
                <![CDATA["Open Cart Product Module"]]>
              </value>
            </param>
          </params>
          <reporter-output>
          </reporter-output>
        </test-method> <!-- runScenario -->
        <test-method signature="runScenario(io.cucumber.testng.PickleWrapper,io.cucumber.testng.FeatureWrapper)[pri:0, instance:Runners.OpenCartRunner@ae13544]" started-at="2026-05-26T06:14:27 IST" name="runScenario" description="Runs Cucumber Scenarios" data-provider="scenarios" finished-at="2026-05-26T06:14:31 IST" duration-ms="4164" status="PASS">
          <params>
            <param index="0">
              <value>
                <![CDATA["Search Product using invalid keyword"]]>
              </value>
            </param>
            <param index="1">
              <value>
                <![CDATA["Open Cart Product Module"]]>
              </value>
            </param>
          </params>
          <reporter-output>
          </reporter-output>
        </test-method> <!-- runScenario -->
        <test-method signature="runScenario(io.cucumber.testng.PickleWrapper,io.cucumber.testng.FeatureWrapper)[pri:0, instance:Runners.OpenCartRunner@ae13544]" started-at="2026-05-26T06:14:31 IST" name="runScenario" description="Runs Cucumber Scenarios" data-provider="scenarios" finished-at="2026-05-26T06:14:35 IST" duration-ms="3668" status="PASS">
          <params>
            <param index="0">
              <value>
                <![CDATA["Search Product using invalid keyword"]]>
              </value>
            </param>
            <param index="1">
              <value>
                <![CDATA["Open Cart Product Module"]]>
              </value>
            </param>
          </params>
          <reporter-output>
          </reporter-output>
        </test-method> <!-- runScenario -->
        <test-method signature="runScenario(io.cucumber.testng.PickleWrapper,io.cucumber.testng.FeatureWrapper)[pri:0, instance:Runners.OpenCartRunner@ae13544]" started-at="2026-05-26T06:14:35 IST" name="runScenario" description="Runs Cucumber Scenarios" data-provider="scenarios" finished-at="2026-05-26T06:14:39 IST" duration-ms="4130" status="PASS">
          <params>
            <param index="0">
              <value>
                <![CDATA["Search Product with empty field"]]>
              </value>
            </param>
            <param index="1">
              <value>
                <![CDATA["Open Cart Product Module"]]>
              </value>
            </param>
          </params>
          <reporter-output>
          </reporter-output>
        </test-method> <!-- runScenario -->
        <test-method signature="runScenario(io.cucumber.testng.PickleWrapper,io.cucumber.testng.FeatureWrapper)[pri:0, instance:Runners.OpenCartRunner@ae13544]" started-at="2026-05-26T06:14:39 IST" name="runScenario" description="Runs Cucumber Scenarios" data-provider="scenarios" finished-at="2026-05-26T06:14:44 IST" duration-ms="4618" status="PASS">
          <params>
            <param index="0">
              <value>
                <![CDATA["Add product to cart"]]>
              </value>
            </param>
            <param index="1">
              <value>
                <![CDATA["Open Cart cart Module"]]>
              </value>
            </param>
          </params>
          <reporter-output>
          </reporter-output>
        </test-method> <!-- runScenario -->
        <test-method signature="runScenario(io.cucumber.testng.PickleWrapper,io.cucumber.testng.FeatureWrapper)[pri:0, instance:Runners.OpenCartRunner@ae13544]" started-at="2026-05-26T06:14:44 IST" name="runScenario" description="Runs Cucumber Scenarios" data-provider="scenarios" finished-at="2026-05-26T06:14:48 IST" duration-ms="4465" status="PASS">
          <params>
            <param index="0">
              <value>
                <![CDATA["Update product quantity"]]>
              </value>
            </param>
            <param index="1">
              <value>
                <![CDATA["Open Cart cart Module"]]>
              </value>
            </param>
          </params>
          <reporter-output>
          </reporter-output>
        </test-method> <!-- runScenario -->
        <test-method signature="runScenario(io.cucumber.testng.PickleWrapper,io.cucumber.testng.FeatureWrapper)[pri:0, instance:Runners.OpenCartRunner@ae13544]" started-at="2026-05-26T06:14:48 IST" name="runScenario" description="Runs Cucumber Scenarios" data-provider="scenarios" finished-at="2026-05-26T06:14:54 IST" duration-ms="5641" status="PASS">
          <params>
            <param index="0">
              <value>
                <![CDATA["Remove product from cart"]]>
              </value>
            </param>
            <param index="1">
              <value>
                <![CDATA["Open Cart cart Module"]]>
              </value>
            </param>
          </params>
          <reporter-output>
          </reporter-output>
        </test-method> <!-- runScenario -->
        <test-method signature="runScenario(io.cucumber.testng.PickleWrapper,io.cucumber.testng.FeatureWrapper)[pri:0, instance:Runners.OpenCartRunner@ae13544]" started-at="2026-05-26T06:14:54 IST" name="runScenario" description="Runs Cucumber Scenarios" data-provider="scenarios" finished-at="2026-05-26T06:15:08 IST" duration-ms="13942" status="PASS">
          <params>
            <param index="0">
              <value>
                <![CDATA["Verify empty cart message"]]>
              </value>
            </param>
            <param index="1">
              <value>
                <![CDATA["Open Cart cart Module"]]>
              </value>
            </param>
          </params>
          <reporter-output>
          </reporter-output>
        </test-method> <!-- runScenario -->
        <test-method signature="runScenario(io.cucumber.testng.PickleWrapper,io.cucumber.testng.FeatureWrapper)[pri:0, instance:Runners.OpenCartRunner@ae13544]" started-at="2026-05-26T06:15:08 IST" name="runScenario" description="Runs Cucumber Scenarios" data-provider="scenarios" finished-at="2026-05-26T06:15:19 IST" duration-ms="10913" status="PASS">
          <params>
            <param index="0">
              <value>
                <![CDATA["Verify Checkout functionality"]]>
              </value>
            </param>
            <param index="1">
              <value>
                <![CDATA["Open Cart Checkout Feature"]]>
              </value>
            </param>
          </params>
          <reporter-output>
          </reporter-output>
        </test-method> <!-- runScenario -->
        <test-method signature="runScenario(io.cucumber.testng.PickleWrapper,io.cucumber.testng.FeatureWrapper)[pri:0, instance:Runners.OpenCartRunner@ae13544]" started-at="2026-05-26T06:15:19 IST" name="runScenario" description="Runs Cucumber Scenarios" data-provider="scenarios" finished-at="2026-05-26T06:15:25 IST" duration-ms="6400" status="PASS">
          <params>
            <param index="0">
              <value>
                <![CDATA["Verify logout functionality"]]>
              </value>
            </param>
            <param index="1">
              <value>
                <![CDATA["Open Cart Logout Module"]]>
              </value>
            </param>
          </params>
          <reporter-output>
          </reporter-output>
        </test-method> <!-- runScenario -->
        <test-method is-config="true" signature="tearDownClass()[pri:0, instance:Runners.OpenCartRunner@ae13544]" started-at="2026-05-26T06:15:25 IST" name="tearDownClass" finished-at="2026-05-26T06:15:25 IST" duration-ms="13" status="PASS">
          <reporter-output>
          </reporter-output>
        </test-method> <!-- tearDownClass -->
      </class> <!-- Runners.OpenCartRunner -->
    </test> <!-- Edge Test -->
  </suite> <!-- OpenCart Suite -->
</testng-results>
