<?xml version="1.0" encoding="UTF-8"?>
<testsuite xmlns:xsi="http://www.w3.org/2001/XMLSchema-instance" xsi:noNamespaceSchemaLocation="https://maven.apache.org/surefire/maven-surefire-plugin/xsd/surefire-test-report.xsd" version="3.0.2" name="TestSuite" time="100.857" tests="42" errors="0" skipped="0" failures="0">
  <properties>
[...]
</properties>
  <testcase name="runScenario[&quot;Login with valid email and password&quot;, &quot;Open Cart Login Module&quot;](1)" classname="Runners.OpenCartRunner" time="5.653">
    <system-out><![CDATA[Browser set: edge | Thread ID: 32
Browser set: chrome | Thread ID: 31

Scenario: Login with valid email and password                           # src/test/resources/Features/Feature1_Login.feature:3

Scenario: Login with valid email and password                           # src/test/resources/Features/Feature1_Login.feature:3
Launching Browser: chrome | Thread ID: 31
Launching Browser: edge | Thread ID: 32
Selected My account tab
Selected My account tab
Selected login option
  ✔ Given User is on hompage and select login option in account tab     # StepDefinitions.LoginSteps.user_is_on_hompage_and_select_login_option_in_account_tab()
Selected login option
  ✔ Given User is on hompage and select login option in account tab     # StepDefinitions.LoginSteps.user_is_on_hompage_and_select_login_option_in_account_tab()
Entered email
Entered email
Entered password
Entered password
Selected login button
  ✔ When User enters valid email and password and click on sign in      # StepDefinitions.LoginSteps.user_enters_valid_email_and_password_and_click_on_sign_in()
Selected login button
  ✔ When User enters valid email and password and click on sign in      # StepDefinitions.LoginSteps.user_enters_valid_email_and_password_and_click_on_sign_in()
My account setting displayed
My account setting displayed
My orders setting displayed
  ✔ Then User navigated to users account homepage and verified the page # StepDefinitions.LoginSteps.user_navigated_to_users_account_homepage_and_verified_the_page()
My orders setting displayed
  ✔ Then User navigated to users account homepage and verified the page # StepDefinitions.LoginSteps.user_navigated_to_users_account_homepage_and_verified_the_page()
]]></system-out>
    <system-err><![CDATA[SLF4J(W): No SLF4J providers were found.
SLF4J(W): Defaulting to no-operation (NOP) logger implementation
SLF4J(W): See https://www.slf4j.org/codes.html#noProviders for further details.
]]></system-err>
  </testcase>
  <testcase name="runScenario[&quot;Login with valid email and password&quot;, &quot;Open Cart Login Module&quot;](1)" classname="Runners.OpenCartRunner" time="0.041">
    <system-out><![CDATA[
Scenario: Login with invalid email and password                                 # src/test/resources/Features/Feature1_Login.feature:14
Launching Browser: chrome | Thread ID: 31
]]></system-out>
  </testcase>
  <testcase name="runScenario[&quot;Login with invalid email and password&quot;, &quot;Open Cart Login Module&quot;](2)" classname="Runners.OpenCartRunner" time="3.116">
    <system-out><![CDATA[
Scenario: Login with invalid email and password                                 # src/test/resources/Features/Feature1_Login.feature:14
Launching Browser: edge | Thread ID: 32
Selected My account tab
Selected My account tab
Selected login option
  ✔ Given User is on hompage and select login option in my account tab          # StepDefinitions.LoginSteps.user_is_on_hompage_and_select_login_option_in_my_account_tab()
Selected login option
  ✔ Given User is on hompage and select login option in my account tab          # StepDefinitions.LoginSteps.user_is_on_hompage_and_select_login_option_in_my_account_tab()
Entered email
Entered email
Entered password
Entered password
Selected login button
  ✔ When User enters invalid "yog@gmail.com" and "Yog@123" and click on sign in # StepDefinitions.LoginSteps.user_enters_invalid_and_and_click_on_sign_in(java.lang.String,java.lang.String)
Getting warning message
  ✔ Then User will get the Error message                                        # StepDefinitions.LoginSteps.user_will_get_the_error_message()
Selected login button
  ✔ When User enters invalid "yog@gmail.com" and "Yog@123" and click on sign in # StepDefinitions.LoginSteps.user_enters_invalid_and_and_click_on_sign_in(java.lang.String,java.lang.String)
Getting warning message
  ✔ Then User will get the Error message                                        # StepDefinitions.LoginSteps.user_will_get_the_error_message()
]]></system-out>
  </testcase>
  <testcase name="runScenario[&quot;Login with invalid email and password&quot;, &quot;Open Cart Login Module&quot;](2)" classname="Runners.OpenCartRunner" time="0.061">
    <system-out><![CDATA[
Scenario: Login with invalid email and password                                     # src/test/resources/Features/Feature1_Login.feature:15
Launching Browser: edge | Thread ID: 32
]]></system-out>
  </testcase>
  <testcase name="runScenario[&quot;Login with invalid email and password&quot;, &quot;Open Cart Login Module&quot;](3)" classname="Runners.OpenCartRunner" time="2.396">
    <system-out><![CDATA[
Scenario: Login with invalid email and password                                     # src/test/resources/Features/Feature1_Login.feature:15
Launching Browser: chrome | Thread ID: 31
Selected My account tab
Selected My account tab
Selected login option
  ✔ Given User is on hompage and select login option in my account tab              # StepDefinitions.LoginSteps.user_is_on_hompage_and_select_login_option_in_my_account_tab()
Selected login option
  ✔ Given User is on hompage and select login option in my account tab              # StepDefinitions.LoginSteps.user_is_on_hompage_and_select_login_option_in_my_account_tab()
Entered email
Entered password
Entered email
Selected login button
  ✔ When User enters invalid "yoges@gmail.com" and "Yoges@123" and click on sign in # StepDefinitions.LoginSteps.user_enters_invalid_and_and_click_on_sign_in(java.lang.String,java.lang.String)
Entered password
Getting warning message
  ✔ Then User will get the Error message                                            # StepDefinitions.LoginSteps.user_will_get_the_error_message()
Selected login button
  ✔ When User enters invalid "yoges@gmail.com" and "Yoges@123" and click on sign in # StepDefinitions.LoginSteps.user_enters_invalid_and_and_click_on_sign_in(java.lang.String,java.lang.String)
Getting warning message
  ✔ Then User will get the Error message                                            # StepDefinitions.LoginSteps.user_will_get_the_error_message()
]]></system-out>
  </testcase>
  <testcase name="runScenario[&quot;Login with invalid email and password&quot;, &quot;Open Cart Login Module&quot;](3)" classname="Runners.OpenCartRunner" time="0.122">
    <system-out><![CDATA[
Scenario: Login with blank credentials                                  # src/test/resources/Features/Feature1_Login.feature:17
Launching Browser: chrome | Thread ID: 31
]]></system-out>
  </testcase>
  <testcase name="runScenario[&quot;Login with blank credentials&quot;, &quot;Open Cart Login Module&quot;](4)" classname="Runners.OpenCartRunner" time="2.497">
    <system-out><![CDATA[
Scenario: Login with blank credentials                                  # src/test/resources/Features/Feature1_Login.feature:17
Launching Browser: edge | Thread ID: 32
Selected My account tab
Selected login option
  ✔ Given User is on hompage and select login option in my accounts tab # StepDefinitions.LoginSteps.user_is_on_hompage_and_select_login_option_in_my_accounts_tab()
Selected My account tab
Selected login button
  ✔ When User not entered both email and password and click on login    # StepDefinitions.LoginSteps.user_not_entered_both_email_and_password_and_click_on_login()
Getting warning message
  ✔ Then User get the error message                                     # StepDefinitions.LoginSteps.user_get_the_error_message()
Selected login option
  ✔ Given User is on hompage and select login option in my accounts tab # StepDefinitions.LoginSteps.user_is_on_hompage_and_select_login_option_in_my_accounts_tab()
]]></system-out>
  </testcase>
  <testcase name="runScenario[&quot;Login with blank credentials&quot;, &quot;Open Cart Login Module&quot;](4)" classname="Runners.OpenCartRunner" time="0.705">
    <system-out><![CDATA[
Scenario: Verify navigation to Registration page                                   # src/test/resources/Features/Feature2_Registration.feature:3
Launching Browser: chrome | Thread ID: 31
Selected login button
  ✔ When User not entered both email and password and click on login    # StepDefinitions.LoginSteps.user_not_entered_both_email_and_password_and_click_on_login()
Getting warning message
  ✔ Then User get the error message                                     # StepDefinitions.LoginSteps.user_get_the_error_message()
]]></system-out>
  </testcase>
  <testcase name="runScenario[&quot;Verify navigation to Registration page&quot;, &quot;Open Cart Registration Module&quot;](5)" classname="Runners.OpenCartRunner" time="1.231">
    <system-out><![CDATA[
Scenario: Verify navigation to Registration page                                   # src/test/resources/Features/Feature2_Registration.feature:3
Launching Browser: edge | Thread ID: 32
Homepage loaded
  ✔ Given User is on homepage                                                      # StepDefinitions.RegistrationSteps.user_is_on_homepage()
Selected My account tab
Selected Register option
  ✔ When User select Register option in account tab                                # StepDefinitions.RegistrationSteps.user_select_register_option_in_account_tab()
User Navigated to Registration page
  ✔ Then User navigated to regsiter page and verify registration page is displayed # StepDefinitions.RegistrationSteps.user_navigated_to_regsiter_page_and_verify_registration_page_is_displayed()
]]></system-out>
  </testcase>
  <testcase name="runScenario[&quot;Verify navigation to Registration page&quot;, &quot;Open Cart Registration Module&quot;](5)" classname="Runners.OpenCartRunner" time="1.011">
    <system-out><![CDATA[
Scenario: Register user with valid Details                                   # src/test/resources/Features/Feature2_Registration.feature:8
Launching Browser: chrome | Thread ID: 31
Homepage loaded
  ✔ Given User is on homepage                                                      # StepDefinitions.RegistrationSteps.user_is_on_homepage()
Selected My account tab
Selected Register option
  ✔ When User select Register option in account tab                                # StepDefinitions.RegistrationSteps.user_select_register_option_in_account_tab()
User Navigated to Registration page
  ✔ Then User navigated to regsiter page and verify registration page is displayed # StepDefinitions.RegistrationSteps.user_navigated_to_regsiter_page_and_verify_registration_page_is_displayed()
]]></system-out>
  </testcase>
  <testcase name="runScenario[&quot;Register user with valid Details&quot;, &quot;Open Cart Registration Module&quot;](6)" classname="Runners.OpenCartRunner" time="3.65">
    <system-out><![CDATA[
Scenario: Register user with valid Details                                   # src/test/resources/Features/Feature2_Registration.feature:8
Launching Browser: edge | Thread ID: 32
Selected My account tab
Selected Register option
  ✔ Given User is on hompage and select register option in account tab       # StepDefinitions.RegistrationSteps.user_is_on_hompage_and_select_register_option_in_account_tab()
Entered firstname
Entered lastname
Entered email
Entered mobile no
Entered password
Selected My account tab
Entered confirm password
  ✔ When User enter all necessary details                                    # StepDefinitions.RegistrationSteps.user_enter_all_necessary_details()
Clicked privacy policy check box
Selected Register option
  ✔ Given User is on hompage and select register option in account tab       # StepDefinitions.RegistrationSteps.user_is_on_hompage_and_select_register_option_in_account_tab()
Entered firstname
Entered lastname
Entered email
Entered mobile no
Entered password
Entered confirm password
  ✔ When User enter all necessary details                                    # StepDefinitions.RegistrationSteps.user_enter_all_necessary_details()
Clicked privacy policy check box
Clicked continue
  ✔ And Click checkbox and click on continue                                 # StepDefinitions.RegistrationSteps.click_checkbox_and_click_on_continue()
Clicked continue
  ✔ And Click checkbox and click on continue                                 # StepDefinitions.RegistrationSteps.click_checkbox_and_click_on_continue()
Account created successfully
  ✔ Then User successfully registered and verify successful account creation # StepDefinitions.RegistrationSteps.user_successfully_registered_and_verify_successful_account_creation()
]]></system-out>
  </testcase>
  <testcase name="runScenario[&quot;Register user with valid Details&quot;, &quot;Open Cart Registration Module&quot;](6)" classname="Runners.OpenCartRunner" time="0.226">
    <system-out><![CDATA[
Scenario: Register User with existing email                                 # src/test/resources/Features/Feature2_Registration.feature:20
Launching Browser: chrome | Thread ID: 31
Account created successfully
  ✔ Then User successfully registered and verify successful account creation # StepDefinitions.RegistrationSteps.user_successfully_registered_and_verify_successful_account_creation()
]]></system-out>
  </testcase>
  <testcase name="runScenario[&quot;Register User with existing email&quot;, &quot;Open Cart Registration Module&quot;](7)" classname="Runners.OpenCartRunner" time="2.708">
    <system-out><![CDATA[
Scenario: Register User with existing email                                 # src/test/resources/Features/Feature2_Registration.feature:20
Launching Browser: edge | Thread ID: 32
Selected My account tab
Selected Register option
  ✔ Given User is on hompage and selected register option in my account tab # StepDefinitions.RegistrationSteps.user_is_on_hompage_and_selected_register_option_in_my_account_tab()
Entered firstname
Selected My account tab
Entered lastname
Entered email
Entered mobile no
Entered password
Entered confirm password
Selected Register option
  ✔ Given User is on hompage and selected register option in my account tab # StepDefinitions.RegistrationSteps.user_is_on_hompage_and_selected_register_option_in_my_account_tab()
Clicked privacy policy check box
Entered firstname
Entered lastname
Entered email
Entered mobile no
Entered password
Entered confirm password
Clicked continue
  ✔ When User enters all updated details but used existing "yoge@gmail.com" # StepDefinitions.RegistrationSteps.user_enters_all_updated_details_but_used_existing(java.lang.String)
Email Alredy existed message displyed
  ✔ Then Click continue and verify warning message                          # StepDefinitions.RegistrationSteps.click_continue_and_verify_warning_message()
Clicked privacy policy check box
Clicked continue
  ✔ When User enters all updated details but used existing "yoge@gmail.com" # StepDefinitions.RegistrationSteps.user_enters_all_updated_details_but_used_existing(java.lang.String)
]]></system-out>
  </testcase>
  <testcase name="runScenario[&quot;Register User with existing email&quot;, &quot;Open Cart Registration Module&quot;](7)" classname="Runners.OpenCartRunner" time="0.38">
    <system-out><![CDATA[
Scenario: Register User with existing email                                  # src/test/resources/Features/Feature2_Registration.feature:21
Launching Browser: chrome | Thread ID: 31
Email Alredy existed message displyed
  ✔ Then Click continue and verify warning message                          # StepDefinitions.RegistrationSteps.click_continue_and_verify_warning_message()
]]></system-out>
  </testcase>
  <testcase name="runScenario[&quot;Register User with existing email&quot;, &quot;Open Cart Registration Module&quot;](8)" classname="Runners.OpenCartRunner" time="2.516">
    <system-out><![CDATA[
Scenario: Register User with existing email                                  # src/test/resources/Features/Feature2_Registration.feature:21
Launching Browser: edge | Thread ID: 32
Selected My account tab
Selected Register option
  ✔ Given User is on hompage and selected register option in my account tab  # StepDefinitions.RegistrationSteps.user_is_on_hompage_and_selected_register_option_in_my_account_tab()
Entered firstname
Entered lastname
Entered email
Selected My account tab
Entered mobile no
Entered password
Entered confirm password
Clicked privacy policy check box
Selected Register option
  ✔ Given User is on hompage and selected register option in my account tab  # StepDefinitions.RegistrationSteps.user_is_on_hompage_and_selected_register_option_in_my_account_tab()
Entered firstname
Entered lastname
Entered email
Entered mobile no
Entered password
Entered confirm password
Clicked privacy policy check box
Clicked continue
  ✔ When User enters all updated details but used existing "yoges@gmail.com" # StepDefinitions.RegistrationSteps.user_enters_all_updated_details_but_used_existing(java.lang.String)
Email Alredy existed message displyed
  ✔ Then Click continue and verify warning message                           # StepDefinitions.RegistrationSteps.click_continue_and_verify_warning_message()
Clicked continue
  ✔ When User enters all updated details but used existing "yoges@gmail.com" # StepDefinitions.RegistrationSteps.user_enters_all_updated_details_but_used_existing(java.lang.String)
]]></system-out>
  </testcase>
  <testcase name="runScenario[&quot;Register User with existing email&quot;, &quot;Open Cart Registration Module&quot;](8)" classname="Runners.OpenCartRunner" time="0.267">
    <system-out><![CDATA[
Scenario: Verify mandatory field validation messages                      # src/test/resources/Features/Feature2_Registration.feature:23
Launching Browser: chrome | Thread ID: 31
Email Alredy existed message displyed
  ✔ Then Click continue and verify warning message                           # StepDefinitions.RegistrationSteps.click_continue_and_verify_warning_message()
]]></system-out>
  </testcase>
  <testcase name="runScenario[&quot;Verify mandatory field validation messages&quot;, &quot;Open Cart Registration Module&quot;](9)" classname="Runners.OpenCartRunner" time="2.769">
    <system-out><![CDATA[
Scenario: Verify mandatory field validation messages                      # src/test/resources/Features/Feature2_Registration.feature:23
Launching Browser: edge | Thread ID: 32
Selected My account tab
Selected Register option
  ✔ Given User is on hompage and select register option in my account tab # StepDefinitions.RegistrationSteps.user_is_on_hompage_and_select_register_option_in_my_account_tab()
No Details entered and clicked continue
Clicked privacy policy check box
Selected My account tab
Selected Register option
  ✔ Given User is on hompage and select register option in my account tab # StepDefinitions.RegistrationSteps.user_is_on_hompage_and_select_register_option_in_my_account_tab()
No Details entered and clicked continue
Clicked privacy policy check box
Clicked continue
  ✔ When User not entered any details and click on continue               # StepDefinitions.RegistrationSteps.user_not_entered_any_details_and_click_on_continue()
Firstname required error message displayed
Lastname required error message displayed
Email required error message displayed
Phone no required error message displayed
Password required error message displayed
  ✔ Then User gets a warning message                                      # StepDefinitions.RegistrationSteps.user_gets_a_warning_message()
Clicked continue
  ✔ When User not entered any details and click on continue               # StepDefinitions.RegistrationSteps.user_not_entered_any_details_and_click_on_continue()
Firstname required error message displayed
Lastname required error message displayed
]]></system-out>
  </testcase>
  <testcase name="runScenario[&quot;Verify mandatory field validation messages&quot;, &quot;Open Cart Registration Module&quot;](9)" classname="Runners.OpenCartRunner" time="0.216">
    <system-out><![CDATA[
Scenario: Verify password mismatch validation                                         # src/test/resources/Features/Feature2_Registration.feature:28
Launching Browser: chrome | Thread ID: 31
Email required error message displayed
Phone no required error message displayed
Password required error message displayed
  ✔ Then User gets a warning message                                      # StepDefinitions.RegistrationSteps.user_gets_a_warning_message()
]]></system-out>
  </testcase>
  <testcase name="runScenario[&quot;Verify password mismatch validation&quot;, &quot;Open Cart Registration Module&quot;](10)" classname="Runners.OpenCartRunner" time="2.937">
    <system-out><![CDATA[
Scenario: Verify password mismatch validation                                         # src/test/resources/Features/Feature2_Registration.feature:28
Launching Browser: edge | Thread ID: 32
Selected My account tab
Selected My account tab
Selected Register option
  ✔ Given User is on hompage and selected register option in my accounts tab          # StepDefinitions.RegistrationSteps.user_is_on_hompage_and_selected_register_option_in_my_accounts_tab()
Entered firstname
Entered lastname
Entered email
Entered mobile no
Selected Register option
  ✔ Given User is on hompage and selected register option in my accounts tab          # StepDefinitions.RegistrationSteps.user_is_on_hompage_and_selected_register_option_in_my_accounts_tab()
Entered password
Entered firstname
Entered confirm password
Entered lastname
Entered email
Clicked privacy policy check box
Entered mobile no
Entered password
Entered confirm password
Clicked privacy policy check box
Clicked continue
  ✔ When User entered all details but used two different passwords and click continue # StepDefinitions.RegistrationSteps.user_entered_all_details_but_used_two_different_passwords_and_click_continue()
Password mismatch error message displayed
  ✔ Then User gets the Password mismatch error message and verify                     # StepDefinitions.RegistrationSteps.user_gets_the_password_mismatch_error_message_and_verify()
Clicked continue
  ✔ When User entered all details but used two different passwords and click continue # StepDefinitions.RegistrationSteps.user_entered_all_details_but_used_two_different_passwords_and_click_continue()
Password mismatch error message displayed
  ✔ Then User gets the Password mismatch error message and verify                     # StepDefinitions.RegistrationSteps.user_gets_the_password_mismatch_error_message_and_verify()
]]></system-out>
  </testcase>
  <testcase name="runScenario[&quot;Verify password mismatch validation&quot;, &quot;Open Cart Registration Module&quot;](10)" classname="Runners.OpenCartRunner" time="0.181">
    <system-out><![CDATA[
Scenario: Search Product using valid keyword                                             # src/test/resources/Features/Feature3_Product.feature:9
Launching Browser: chrome | Thread ID: 31
]]></system-out>
  </testcase>
  <testcase name="runScenario[&quot;Search Product using valid keyword&quot;, &quot;Open Cart Product Module&quot;](11)" classname="Runners.OpenCartRunner" time="4.684">
    <system-out><![CDATA[
Scenario: Search Product using valid keyword                                             # src/test/resources/Features/Feature3_Product.feature:9
Launching Browser: edge | Thread ID: 32
Selected My account tab
Selected login option
Selected My account tab
Entered email
Entered password
Selected login option
Entered email
Entered password
Selected login button
  ✔ Given User is on hompage and select login option in account tab and login to account # StepDefinitions.ProductSteps.user_is_on_hompage_and_select_login_option_in_account_tab_and_login_to_account()
Selected login button
  ✔ Given User is on hompage and select login option in account tab and login to account # StepDefinitions.ProductSteps.user_is_on_hompage_and_select_login_option_in_account_tab_and_login_to_account()
iMac name send to check box
iMac name send to check box
Clicked search button
  ✔ When User enters "iMac" name using valid keyword and click search button             # StepDefinitions.ProductSteps.user_enters_name_using_valid_keyword_and_click_search_button(java.lang.String)
Clicked search button
  ✔ When User enters "iMac" name using valid keyword and click search button             # StepDefinitions.ProductSteps.user_enters_name_using_valid_keyword_and_click_search_button(java.lang.String)
iMac Products displayed
  ✔ Then User redirect to product results page and verify user got the related "iMac"    # StepDefinitions.ProductSteps.user_redirect_to_product_results_page_and_verify_user_got_the_related(java.lang.String)
iMac Products displayed
  ✔ Then User redirect to product results page and verify user got the related "iMac"    # StepDefinitions.ProductSteps.user_redirect_to_product_results_page_and_verify_user_got_the_related(java.lang.String)
]]></system-out>
  </testcase>
  <testcase name="runScenario[&quot;Search Product using valid keyword&quot;, &quot;Open Cart Product Module&quot;](11)" classname="Runners.OpenCartRunner" time="0.046">
    <system-out><![CDATA[
Scenario: Search Product using valid keyword                                             # src/test/resources/Features/Feature3_Product.feature:10
Launching Browser: chrome | Thread ID: 31
]]></system-out>
  </testcase>
  <testcase name="runScenario[&quot;Search Product using valid keyword&quot;, &quot;Open Cart Product Module&quot;](12)" classname="Runners.OpenCartRunner" time="4.33">
    <system-out><![CDATA[
Scenario: Search Product using valid keyword                                             # src/test/resources/Features/Feature3_Product.feature:10
Launching Browser: edge | Thread ID: 32
Selected My account tab
Selected My account tab
Selected login option
Entered email
Entered password
Selected login option
Selected login button
  ✔ Given User is on hompage and select login option in account tab and login to account # StepDefinitions.ProductSteps.user_is_on_hompage_and_select_login_option_in_account_tab_and_login_to_account()
Entered email
Entered password
Selected login button
  ✔ Given User is on hompage and select login option in account tab and login to account # StepDefinitions.ProductSteps.user_is_on_hompage_and_select_login_option_in_account_tab_and_login_to_account()
iPhone name send to check box
Clicked search button
  ✔ When User enters "iPhone" name using valid keyword and click search button           # StepDefinitions.ProductSteps.user_enters_name_using_valid_keyword_and_click_search_button(java.lang.String)
iPhone name send to check box
iPhone Products displayed
  ✔ Then User redirect to product results page and verify user got the related "iPhone"  # StepDefinitions.ProductSteps.user_redirect_to_product_results_page_and_verify_user_got_the_related(java.lang.String)
Clicked search button
  ✔ When User enters "iPhone" name using valid keyword and click search button           # StepDefinitions.ProductSteps.user_enters_name_using_valid_keyword_and_click_search_button(java.lang.String)
]]></system-out>
  </testcase>
  <testcase name="runScenario[&quot;Search Product using valid keyword&quot;, &quot;Open Cart Product Module&quot;](12)" classname="Runners.OpenCartRunner" time="0.734">
    <system-out><![CDATA[
Scenario: Search Product using invalid keyword                                              # src/test/resources/Features/Feature3_Product.feature:18
Launching Browser: edge | Thread ID: 32
iPhone Products displayed
  ✔ Then User redirect to product results page and verify user got the related "iPhone"  # StepDefinitions.ProductSteps.user_redirect_to_product_results_page_and_verify_user_got_the_related(java.lang.String)
]]></system-out>
  </testcase>
  <testcase name="runScenario[&quot;Search Product using invalid keyword&quot;, &quot;Open Cart Product Module&quot;](13)" classname="Runners.OpenCartRunner" time="3.431">
    <system-out><![CDATA[
Scenario: Search Product using invalid keyword                                              # src/test/resources/Features/Feature3_Product.feature:18
Launching Browser: chrome | Thread ID: 31
Selected My account tab
Selected login option
Entered email
Entered password
Selected login button
  ✔ Given User is on hompage and select login option in account tab and loggedin to account # StepDefinitions.ProductSteps.user_is_on_hompage_and_select_login_option_in_account_tab_and_loggedin_to_account()
Selected My account tab
Selected login option
Entered email
Entered password
Selected login button
  ✔ Given User is on hompage and select login option in account tab and loggedin to account # StepDefinitions.ProductSteps.user_is_on_hompage_and_select_login_option_in_account_tab_and_loggedin_to_account()
abcd123 name send to check box
Clicked search button
  ✔ When User enter "abcd123" name using invalid keyword and click search button            # StepDefinitions.ProductSteps.user_enter_name_using_invalid_keyword_and_click_search_button(java.lang.String)
No related products displayed
  ✔ Then User redirect to product result page and verify user got the related "abcd123"     # StepDefinitions.ProductSteps.user_redirect_to_product_result_page_and_verify_user_got_the_related(java.lang.String)
abcd123 name send to check box
]]></system-out>
  </testcase>
  <testcase name="runScenario[&quot;Search Product using invalid keyword&quot;, &quot;Open Cart Product Module&quot;](13)" classname="Runners.OpenCartRunner" time="0.318">
    <system-out><![CDATA[
Scenario: Search Product using invalid keyword                                              # src/test/resources/Features/Feature3_Product.feature:19
Launching Browser: edge | Thread ID: 32
Clicked search button
  ✔ When User enter "abcd123" name using invalid keyword and click search button            # StepDefinitions.ProductSteps.user_enter_name_using_invalid_keyword_and_click_search_button(java.lang.String)
No related products displayed
  ✔ Then User redirect to product result page and verify user got the related "abcd123"     # StepDefinitions.ProductSteps.user_redirect_to_product_result_page_and_verify_user_got_the_related(java.lang.String)
]]></system-out>
  </testcase>
  <testcase name="runScenario[&quot;Search Product using invalid keyword&quot;, &quot;Open Cart Product Module&quot;](14)" classname="Runners.OpenCartRunner" time="3.35">
    <system-out><![CDATA[
Scenario: Search Product using invalid keyword                                              # src/test/resources/Features/Feature3_Product.feature:19
Launching Browser: chrome | Thread ID: 31
Selected My account tab
Selected login option
Selected My account tab
Entered email
Entered password
Selected login option
Entered email
Entered password
Selected login button
  ✔ Given User is on hompage and select login option in account tab and loggedin to account # StepDefinitions.ProductSteps.user_is_on_hompage_and_select_login_option_in_account_tab_and_loggedin_to_account()
dummy45cc name send to check box
Selected login button
  ✔ Given User is on hompage and select login option in account tab and loggedin to account # StepDefinitions.ProductSteps.user_is_on_hompage_and_select_login_option_in_account_tab_and_loggedin_to_account()
Clicked search button
  ✔ When User enter "dummy45cc" name using invalid keyword and click search button          # StepDefinitions.ProductSteps.user_enter_name_using_invalid_keyword_and_click_search_button(java.lang.String)
No related products displayed
  ✔ Then User redirect to product result page and verify user got the related "dummy45cc"   # StepDefinitions.ProductSteps.user_redirect_to_product_result_page_and_verify_user_got_the_related(java.lang.String)
dummy45cc name send to check box
]]></system-out>
  </testcase>
  <testcase name="runScenario[&quot;Search Product using invalid keyword&quot;, &quot;Open Cart Product Module&quot;](14)" classname="Runners.OpenCartRunner" time="0.223">
    <system-out><![CDATA[
Scenario: Search Product with empty field                                      # src/test/resources/Features/Feature3_Product.feature:21
Launching Browser: edge | Thread ID: 32
Clicked search button
  ✔ When User enter "dummy45cc" name using invalid keyword and click search button          # StepDefinitions.ProductSteps.user_enter_name_using_invalid_keyword_and_click_search_button(java.lang.String)
No related products displayed
  ✔ Then User redirect to product result page and verify user got the related "dummy45cc"   # StepDefinitions.ProductSteps.user_redirect_to_product_result_page_and_verify_user_got_the_related(java.lang.String)
]]></system-out>
  </testcase>
  <testcase name="runScenario[&quot;Search Product with empty field&quot;, &quot;Open Cart Product Module&quot;](15)" classname="Runners.OpenCartRunner" time="3.908">
    <system-out><![CDATA[
Scenario: Search Product with empty field                                      # src/test/resources/Features/Feature3_Product.feature:21
Launching Browser: chrome | Thread ID: 31
Selected My account tab
Selected login option
Selected My account tab
Entered email
Entered password
Selected login button
  ✔ Given User is on home page and selected register option in my accounts tab # StepDefinitions.ProductSteps.user_is_on_home_page_and_selected_register_option_in_my_accounts_tab()
Selected login option
Entered email
Entered password
Selected login button
  ✔ Given User is on home page and selected register option in my accounts tab # StepDefinitions.ProductSteps.user_is_on_home_page_and_selected_register_option_in_my_accounts_tab()
Clicked search button
  ✔ When User click search button with empty filed                             # StepDefinitions.ProductSteps.user_click_search_button_with_empty_filed()
No related products displayed
  ✔ Then User navigated to page with no products displayed                     # StepDefinitions.ProductSteps.user_navigated_to_page_with_no_products_displayed()
]]></system-out>
  </testcase>
  <testcase name="runScenario[&quot;Search Product with empty field&quot;, &quot;Open Cart Product Module&quot;](15)" classname="Runners.OpenCartRunner" time="0.771">
    <system-out><![CDATA[
Scenario: Add product to cart                                              # src/test/resources/Features/Feature4_Cart.feature:3
Launching Browser: edge | Thread ID: 32
Clicked search button
  ✔ When User click search button with empty filed                             # StepDefinitions.ProductSteps.user_click_search_button_with_empty_filed()
No related products displayed
  ✔ Then User navigated to page with no products displayed                     # StepDefinitions.ProductSteps.user_navigated_to_page_with_no_products_displayed()
]]></system-out>
  </testcase>
  <testcase name="runScenario[&quot;Add product to cart&quot;, &quot;Open Cart cart Module&quot;](16)" classname="Runners.OpenCartRunner" time="3.845">
    <system-out><![CDATA[
Scenario: Add product to cart                                              # src/test/resources/Features/Feature4_Cart.feature:3
Launching Browser: chrome | Thread ID: 31
Selected My account tab
Selected login option
Entered email
Entered password
Selected login button
  ✔ Given User is on homepage and logged into account                      # StepDefinitions.CartSteps.user_is_on_homepage_and_logged_into_account()
Selected My account tab
Selected login option
Entered email
Entered password
iMac name send to check box
Selected login button
  ✔ Given User is on homepage and logged into account                      # StepDefinitions.CartSteps.user_is_on_homepage_and_logged_into_account()
Clicked search button
  ✔ When User search for product and get the product results               # StepDefinitions.CartSteps.user_search_for_product_and_get_the_product_results()
  ✔ And User selected the product and navigated to product page            # StepDefinitions.CartSteps.user_selected_the_product_and_navigated_to_product_page()
Add to cart button clicked
iMac name send to check box
Product Added to cart, success message displayed
  ✔ Then User selected Add to cart button and verify product added to cart # StepDefinitions.CartSteps.user_selected_add_to_cart_button_and_verify_product_added_to_cart()
]]></system-out>
  </testcase>
  <testcase name="runScenario[&quot;Add product to cart&quot;, &quot;Open Cart cart Module&quot;](16)" classname="Runners.OpenCartRunner" time="0.929">
    <system-out><![CDATA[
Scenario: Update product quantity                                # src/test/resources/Features/Feature4_Cart.feature:9
Launching Browser: edge | Thread ID: 32
Clicked search button
  ✔ When User search for product and get the product results               # StepDefinitions.CartSteps.user_search_for_product_and_get_the_product_results()
  ✔ And User selected the product and navigated to product page            # StepDefinitions.CartSteps.user_selected_the_product_and_navigated_to_product_page()
Add to cart button clicked
Product Added to cart, success message displayed
  ✔ Then User selected Add to cart button and verify product added to cart # StepDefinitions.CartSteps.user_selected_add_to_cart_button_and_verify_product_added_to_cart()
]]></system-out>
  </testcase>
  <testcase name="runScenario[&quot;Update product quantity&quot;, &quot;Open Cart cart Module&quot;](17)" classname="Runners.OpenCartRunner" time="3.536">
    <system-out><![CDATA[
Scenario: Update product quantity                                # src/test/resources/Features/Feature4_Cart.feature:9
Launching Browser: chrome | Thread ID: 31
Selected My account tab
Selected login option
Entered email
Entered password
Selected My account tab
Selected login option
Entered email
Entered password
Selected login button
  ✔ Given User is on open cart homepage and logged in to account # StepDefinitions.CartSteps.user_is_on_open_cart_homepage_and_logged_in_to_account()
Selected login button
  ✔ Given User is on open cart homepage and logged in to account # StepDefinitions.CartSteps.user_is_on_open_cart_homepage_and_logged_in_to_account()
Selected shopping cart option
  ✔ When User select Shopping cart and navigated to cart page    # StepDefinitions.CartSteps.user_select_shopping_cart_and_navigated_to_cart_page()
clicked on quanity text box
cleared existing quantity
update quantity to 2
clicked update cart button
  ✔ And User updates the quantity of product                     # StepDefinitions.CartSteps.user_updates_the_quantity_of_product()
Quantity successfully updated to: 2
  ✔ Then Verify price changes and quantity updated               # StepDefinitions.CartSteps.verify_price_changes_and_quantity_updated()
]]></system-out>
  </testcase>
  <testcase name="runScenario[&quot;Update product quantity&quot;, &quot;Open Cart cart Module&quot;](17)" classname="Runners.OpenCartRunner" time="1.031">
    <system-out><![CDATA[
Scenario: Remove product from cart                                    # src/test/resources/Features/Feature4_Cart.feature:15
Launching Browser: edge | Thread ID: 32
Selected shopping cart option
  ✔ When User select Shopping cart and navigated to cart page    # StepDefinitions.CartSteps.user_select_shopping_cart_and_navigated_to_cart_page()
clicked on quanity text box
cleared existing quantity
update quantity to 2
clicked update cart button
  ✔ And User updates the quantity of product                     # StepDefinitions.CartSteps.user_updates_the_quantity_of_product()
Quantity successfully updated to: 2
  ✔ Then Verify price changes and quantity updated               # StepDefinitions.CartSteps.verify_price_changes_and_quantity_updated()
]]></system-out>
  </testcase>
  <testcase name="runScenario[&quot;Remove product from cart&quot;, &quot;Open Cart cart Module&quot;](18)" classname="Runners.OpenCartRunner" time="4.608">
    <system-out><![CDATA[
Scenario: Remove product from cart                                    # src/test/resources/Features/Feature4_Cart.feature:15
Launching Browser: chrome | Thread ID: 31
Selected My account tab
Selected login option
Entered email
Entered password
Selected My account tab
Selected login button
  ✔ Given User is on demo open cart homepage and logged in to account # StepDefinitions.CartSteps.user_is_on_demo_open_cart_homepage_and_logged_in_to_account()
Selected login option
Entered email
Entered password
Selected login button
  ✔ Given User is on demo open cart homepage and logged in to account # StepDefinitions.CartSteps.user_is_on_demo_open_cart_homepage_and_logged_in_to_account()
Selected shopping cart option
  ✔ When User click on Shopping cart and navigated to cart page       # StepDefinitions.CartSteps.user_click_on_shopping_cart_and_navigated_to_cart_page()
Clicked remove product button
  ✔ And User remove product from cart                                 # StepDefinitions.CartSteps.user_remove_product_from_cart()
Cart empty message displayed
  ✔ Then Verify product removed from cart                             # StepDefinitions.CartSteps.verify_product_removed_from_cart()
]]></system-out>
  </testcase>
  <testcase name="runScenario[&quot;Remove product from cart&quot;, &quot;Open Cart cart Module&quot;](18)" classname="Runners.OpenCartRunner" time="1.136">
    <system-out><![CDATA[
Scenario: Verify empty cart message                               # src/test/resources/Features/Feature4_Cart.feature:21
Launching Browser: edge | Thread ID: 32
Selected shopping cart option
  ✔ When User click on Shopping cart and navigated to cart page       # StepDefinitions.CartSteps.user_click_on_shopping_cart_and_navigated_to_cart_page()
Clicked remove product button
  ✔ And User remove product from cart                                 # StepDefinitions.CartSteps.user_remove_product_from_cart()
Cart empty message displayed
  ✔ Then Verify product removed from cart                             # StepDefinitions.CartSteps.verify_product_removed_from_cart()
]]></system-out>
  </testcase>
  <testcase name="runScenario[&quot;Verify empty cart message&quot;, &quot;Open Cart cart Module&quot;](19)" classname="Runners.OpenCartRunner" time="12.806">
    <system-out><![CDATA[
Scenario: Verify empty cart message                               # src/test/resources/Features/Feature4_Cart.feature:21
Launching Browser: chrome | Thread ID: 31
Selected My account tab
Selected login option
Entered email
Entered password
Selected login button
  ✔ Given User is on homepage and log in to account               # StepDefinitions.CartSteps.user_is_on_homepage_and_log_in_to_account()
Selected My account tab
Selected login option
Entered email
Entered password
Selected login button
  ✔ Given User is on homepage and log in to account               # StepDefinitions.CartSteps.user_is_on_homepage_and_log_in_to_account()
Selected shopping cart option
Selected shopping cart option
  ✔ When User clicked on Shopping cart and navigated to cart page # StepDefinitions.CartSteps.user_clicked_on_shopping_cart_and_navigated_to_cart_page()
Cart empty message displayed
  ✔ Then Verify Cart empty message displayed                      # StepDefinitions.CartSteps.verify_cart_empty_message_displayed()
]]></system-out>
  </testcase>
  <testcase name="runScenario[&quot;Verify empty cart message&quot;, &quot;Open Cart cart Module&quot;](19)" classname="Runners.OpenCartRunner" time="0.963">
    <system-out><![CDATA[
Scenario: Verify Checkout functionality                                  # src/test/resources/Features/Feature5_Checkout.feature:3
Launching Browser: edge | Thread ID: 32
  ✔ When User clicked on Shopping cart and navigated to cart page # StepDefinitions.CartSteps.user_clicked_on_shopping_cart_and_navigated_to_cart_page()
Cart empty message displayed
  ✔ Then Verify Cart empty message displayed                      # StepDefinitions.CartSteps.verify_cart_empty_message_displayed()
]]></system-out>
  </testcase>
  <testcase name="runScenario[&quot;Verify Checkout functionality&quot;, &quot;Open Cart Checkout Feature&quot;](20)" classname="Runners.OpenCartRunner" time="9.849">
    <system-out><![CDATA[
Scenario: Verify Checkout functionality                                  # src/test/resources/Features/Feature5_Checkout.feature:3
Launching Browser: chrome | Thread ID: 31
Selected My account tab
Selected login option
Entered email
Entered password
Selected login button
Selected My account tab
Selected login option
Entered email
Entered password
Selected login button
hp name send to check box
hp name send to check box
Clicked search button
  ✔ Given User login to account and search for a product                 # StepDefinitions.CheckoutSteps.user_login_to_account_and_search_for_a_product()
Clicked search button
  ✔ Given User login to account and search for a product                 # StepDefinitions.CheckoutSteps.user_login_to_account_and_search_for_a_product()
Add to cart button clicked
  ✔ When User select product and added to cart                           # StepDefinitions.CheckoutSteps.user_select_product_and_added_to_cart()
Add to cart button clicked
  ✔ When User select product and added to cart                           # StepDefinitions.CheckoutSteps.user_select_product_and_added_to_cart()
Selected shopping cart option
Selected shopping cart option
  ✔ And User went to cart page and click on checkout button              # StepDefinitions.CheckoutSteps.user_went_to_cart_page_and_click_on_checkout_button()
  ✔ And User went to cart page and click on checkout button              # StepDefinitions.CheckoutSteps.user_went_to_cart_page_and_click_on_checkout_button()
User is on billing details section
User is on billing details section
User is on delivery details section
User is on delivery details section
  ✔ And User enters billing details and delivery details                 # StepDefinitions.CheckoutSteps.user_enters_billing_details_and_delivery_details()
  ✔ And User enters billing details and delivery details                 # StepDefinitions.CheckoutSteps.user_enters_billing_details_and_delivery_details()
User is on billing section
User is on billing section
User is on payment method section
User is on payment method section
User is on confirm order section
User is on confirm order section
  ✔ And User enters delivery method and payment method and confirm order # StepDefinitions.CheckoutSteps.user_enters_delivery_method_and_payment_method_and_confirm_order()
  ✔ And User enters delivery method and payment method and confirm order # StepDefinitions.CheckoutSteps.user_enters_delivery_method_and_payment_method_and_confirm_order()
Order confirmation message displayed
  ✔ Then User get the order confirmation message                         # StepDefinitions.CheckoutSteps.user_get_the_order_confirmation_message()
Order confirmation message displayed
  ✔ Then User get the order confirmation message                         # StepDefinitions.CheckoutSteps.user_get_the_order_confirmation_message()
]]></system-out>
  </testcase>
  <testcase name="runScenario[&quot;Verify Checkout functionality&quot;, &quot;Open Cart Checkout Feature&quot;](20)" classname="Runners.OpenCartRunner" time="0.101">
    <system-out><![CDATA[
Scenario: Verify logout functionality                               # src/test/resources/Features/Feature6_Logout.feature:3
Launching Browser: chrome | Thread ID: 31
]]></system-out>
  </testcase>
  <testcase name="runScenario[&quot;Verify logout functionality&quot;, &quot;Open Cart Logout Module&quot;](21)" classname="Runners.OpenCartRunner" time="6.305">
    <system-out><![CDATA[
Scenario: Verify logout functionality                               # src/test/resources/Features/Feature6_Logout.feature:3
Launching Browser: edge | Thread ID: 32
Selected My account tab
Selected My account tab
Selected login option
Entered email
Entered password
Selected login option
Selected login button
  ✔ Given User is on home page and logins to account                # StepDefinitions.LogoutSteps.user_is_on_home_page_and_logins_to_account()
Entered email
Entered password
Selected login button
  ✔ Given User is on home page and logins to account                # StepDefinitions.LogoutSteps.user_is_on_home_page_and_logins_to_account()
  ✔ When Select My Account Option and click on Logout option        # StepDefinitions.LogoutSteps.select_my_account_option_and_click_on_logout_option()
  ✔ When Select My Account Option and click on Logout option        # StepDefinitions.LogoutSteps.select_my_account_option_and_click_on_logout_option()
User Logged out successfully
  ✔ And User logged out from account and verify session termination # StepDefinitions.LogoutSteps.user_logged_out_from_account_and_verify_session_termination()
User Logged out successfully
  ✔ And User logged out from account and verify session termination # StepDefinitions.LogoutSteps.user_logged_out_from_account_and_verify_session_termination()
User successfully navigated to homepage after logout
  ✔ Then User click continue to redirect to homepage                # StepDefinitions.LogoutSteps.user_click_continue_to_redirect_to_homepage()
User successfully navigated to homepage after logout
  ✔ Then User click continue to redirect to homepage                # StepDefinitions.LogoutSteps.user_click_continue_to_redirect_to_homepage()
]]></system-out>
  </testcase>
  <testcase name="runScenario[&quot;Verify logout functionality&quot;, &quot;Open Cart Logout Module&quot;](21)" classname="Runners.OpenCartRunner" time="6.402"/>
</testsuite>