-------------------------------------------------------------------------------
Test set: TestSuite
-------------------------------------------------------------------------------
Tests run: 42, Failures: 3, Errors: 0, Skipped: 0, Time elapsed: 133.0 s <<< FAILURE! -- in TestSuite
Runners.OpenCartRunner.runScenario["Search Product using valid keyword", "Open Cart Product Module"](12) -- Time elapsed: 3.220 s <<< FAILURE!
org.openqa.selenium.WebDriverException: 
unknown error: unhandled inspector error: {"code":-32000,"message":"Node with given id does not belong to the document"}
  (Session info: chrome=148.0.7778.179)
Build info: version: '4.44.0', revision: 'da2039b'
System info: os.name: 'Windows 11', os.arch: 'amd64', os.version: '10.0', java.version: '21.0.11'
Driver info: org.openqa.selenium.chrome.ChromeDriver
Command: [04036be8e6127116d1d79180266dac1b, isElementDisplayed {id=f.4B91B7FBA5A99F85D11AF6353E7F8CAD.d.30032C1BC65623400B56F25BBA0EE0AD.e.86}]
Capabilities {acceptInsecureCerts: false, browserName: chrome, browserVersion: 148.0.7778.179, chrome: {chromedriverVersion: 148.0.7778.178 (d096af1c9e9..., userDataDir: C:\Users\YOGESWAR\AppData\L...}, fedcm:accounts: true, goog:chromeOptions: {debuggerAddress: localhost:51288}, goog:processID: 11520, networkConnectionEnabled: false, pageLoadStrategy: normal, platformName: windows, proxy: Proxy(), se:cdp: ws://localhost:51288/devtoo..., se:cdpVersion: 148.0.7778.179, setWindowRect: true, strictFileInteractability: false, timeouts: {implicit: 0, pageLoad: 300000, script: 30000}, unhandledPromptBehavior: dismiss and notify, webauthn:extension:credBlob: true, webauthn:extension:largeBlob: true, webauthn:extension:minPinLength: true, webauthn:extension:prf: true, webauthn:virtualAuthenticators: true}
Element: [[ChromeDriver: chrome on windows (04036be8e6127116d1d79180266dac1b)] -> name: search]
Session ID: 04036be8e6127116d1d79180266dac1b
	at org.openqa.selenium.remote.ErrorCodec.decode(ErrorCodec.java:169)
	at org.openqa.selenium.remote.codec.w3c.W3CHttpResponseCodec.decode(W3CHttpResponseCodec.java:143)
	at org.openqa.selenium.remote.codec.w3c.W3CHttpResponseCodec.decode(W3CHttpResponseCodec.java:50)
	at org.openqa.selenium.remote.HttpCommandExecutor.execute(HttpCommandExecutor.java:224)
	at org.openqa.selenium.remote.service.DriverCommandExecutor.invokeExecute(DriverCommandExecutor.java:217)
	at org.openqa.selenium.remote.service.DriverCommandExecutor.execute(DriverCommandExecutor.java:175)
	at org.openqa.selenium.remote.RemoteWebDriver.execute(RemoteWebDriver.java:600)
	at org.openqa.selenium.remote.RemoteWebElement.execute(RemoteWebElement.java:225)
	at org.openqa.selenium.remote.RemoteWebElement.isDisplayed(RemoteWebElement.java:284)
	at org.openqa.selenium.support.ui.ExpectedConditions.elementIfVisible(ExpectedConditions.java:365)
	at org.openqa.selenium.support.ui.ExpectedConditions$7.apply(ExpectedConditions.java:222)
	at org.openqa.selenium.support.ui.ExpectedConditions$7.apply(ExpectedConditions.java:215)
	at org.openqa.selenium.support.ui.FluentWait.until(FluentWait.java:210)
	at Pages.ProductPage.enterSearchBox(ProductPage.java:32)
	at StepDefinitions.ProductSteps.user_enters_name_using_valid_keyword_and_click_search_button(ProductSteps.java:33)
	at ✽.User enters "iPhone" name using valid keyword and click search button(file:///C:/Users/YOGESWAR/OneDrive/Desktop/SDET_Capstone_Project/Capstone_Project_OpenCart/CapstoneOpenCartProject/src/test/resources/Features/Feature3_Product.feature:5)

Runners.OpenCartRunner.runScenario["Update product quantity", "Open Cart cart Module"](17) -- Time elapsed: 4.845 s <<< FAILURE!
org.openqa.selenium.StaleElementReferenceException: 
stale element reference: stale element not found
  (Session info: MicrosoftEdge=148.0.3967.83)
For documentation on this error, please visit: https://www.selenium.dev/documentation/webdriver/troubleshooting/errors#staleelementreferenceexception
Build info: version: '4.44.0', revision: 'da2039b'
System info: os.name: 'Windows 11', os.arch: 'amd64', os.version: '10.0', java.version: '21.0.11'
Driver info: org.openqa.selenium.edge.EdgeDriver
Command: [aa5ce606b9c12b8e8fbb9ae0891ed68e, getElementAttribute {id=f.A0C0469EB574FA4EEA705AE4EFF7D972.d.5EFE7EA3DD5B1463719240244E1F1CC6.e.133, name=value}]
Capabilities {acceptInsecureCerts: false, browserName: MicrosoftEdge, browserVersion: 148.0.3967.83, fedcm:accounts: true, goog:processID: 18068, ms:edgeOptions: {debuggerAddress: localhost:50646}, msedge: {msedgedriverVersion: 148.0.3967.83 (2db6d3cb8b2d..., userDataDir: C:\Users\YOGESWAR\AppData\L...}, networkConnectionEnabled: false, pageLoadStrategy: normal, platformName: windows, proxy: Proxy(), se:cdp: ws://localhost:50646/devtoo..., se:cdpVersion: 148.0.3967.83, setWindowRect: true, strictFileInteractability: false, timeouts: {implicit: 0, pageLoad: 300000, script: 30000}, unhandledPromptBehavior: dismiss and notify, webauthn:extension:credBlob: true, webauthn:extension:largeBlob: true, webauthn:extension:minPinLength: true, webauthn:extension:prf: true, webauthn:virtualAuthenticators: true}
Element: [[EdgeDriver: MicrosoftEdge on windows (aa5ce606b9c12b8e8fbb9ae0891ed68e)] -> xpath: //input[@type='text' and @size='1']]
Session ID: aa5ce606b9c12b8e8fbb9ae0891ed68e
	at org.openqa.selenium.remote.ErrorCodec.decode(ErrorCodec.java:169)
	at org.openqa.selenium.remote.codec.w3c.W3CHttpResponseCodec.decode(W3CHttpResponseCodec.java:143)
	at org.openqa.selenium.remote.codec.w3c.W3CHttpResponseCodec.decode(W3CHttpResponseCodec.java:50)
	at org.openqa.selenium.remote.HttpCommandExecutor.execute(HttpCommandExecutor.java:224)
	at org.openqa.selenium.remote.service.DriverCommandExecutor.invokeExecute(DriverCommandExecutor.java:217)
	at org.openqa.selenium.remote.service.DriverCommandExecutor.execute(DriverCommandExecutor.java:175)
	at org.openqa.selenium.remote.RemoteWebDriver.execute(RemoteWebDriver.java:600)
	at org.openqa.selenium.remote.RemoteWebElement.execute(RemoteWebElement.java:225)
	at org.openqa.selenium.remote.RemoteWebElement.getAttribute(RemoteWebElement.java:151)
	at org.openqa.selenium.support.ui.ExpectedConditions.getAttributeOrCssValue(ExpectedConditions.java:1395)
	at org.openqa.selenium.support.ui.ExpectedConditions$31.apply(ExpectedConditions.java:1027)
	at org.openqa.selenium.support.ui.ExpectedConditions$31.apply(ExpectedConditions.java:1021)
	at org.openqa.selenium.support.ui.FluentWait.until(FluentWait.java:210)
	at Pages.CartPage.updatedPriceQuantityCheck(CartPage.java:63)
	at StepDefinitions.CartSteps.verify_price_changes_and_quantity_updated(CartSteps.java:80)
	at ✽.Verify price changes and quantity updated(file:///C:/Users/YOGESWAR/OneDrive/Desktop/SDET_Capstone_Project/Capstone_Project_OpenCart/CapstoneOpenCartProject/src/test/resources/Features/Feature4_Cart.feature:13)

Runners.OpenCartRunner.runScenario["Verify Checkout functionality", "Open Cart Checkout Feature"](20) -- Time elapsed: 21.35 s <<< FAILURE!
org.openqa.selenium.TimeoutException: 
Expected condition failed: waiting for visibility of element found by By.xpath: //a[contains(text(),'Delivery Method')], but... org.openqa.selenium.NoSuchElementException: no such element: Unable to locate element: {"method":"xpath","selector":"//a[contains(text(),'Delivery Method')]"}.
(tried for 15 seconds with 500 milliseconds interval)
Build info: version: '4.44.0', revision: 'da2039b'
System info: os.name: 'Windows 11', os.arch: 'amd64', os.version: '10.0', java.version: '21.0.11'
Driver info: org.openqa.selenium.edge.EdgeDriver
Capabilities {acceptInsecureCerts: false, browserName: MicrosoftEdge, browserVersion: 148.0.3967.83, fedcm:accounts: true, goog:processID: 17752, ms:edgeOptions: {debuggerAddress: localhost:61801}, msedge: {msedgedriverVersion: 148.0.3967.83 (2db6d3cb8b2d..., userDataDir: C:\Users\YOGESWAR\AppData\L...}, networkConnectionEnabled: false, pageLoadStrategy: normal, platformName: windows, proxy: Proxy(), se:cdp: ws://localhost:61801/devtoo..., se:cdpVersion: 148.0.3967.83, setWindowRect: true, strictFileInteractability: false, timeouts: {implicit: 0, pageLoad: 300000, script: 30000}, unhandledPromptBehavior: dismiss and notify, webauthn:extension:credBlob: true, webauthn:extension:largeBlob: true, webauthn:extension:minPinLength: true, webauthn:extension:prf: true, webauthn:virtualAuthenticators: true}
Session ID: 9e2ae984cc54c8045c3d9fcbd78af1cd
	at org.openqa.selenium.support.ui.WebDriverWait.timeoutException(WebDriverWait.java:85)
	at org.openqa.selenium.support.ui.FluentWait.until(FluentWait.java:234)
	at Pages.CheckoutPage.checkDeliveryMethod(CheckoutPage.java:50)
	at StepDefinitions.CheckoutSteps.user_enters_delivery_method_and_payment_method_and_confirm_order(CheckoutSteps.java:63)
	at ✽.User enters delivery method and payment method and confirm order(file:///C:/Users/YOGESWAR/OneDrive/Desktop/SDET_Capstone_Project/Capstone_Project_OpenCart/CapstoneOpenCartProject/src/test/resources/Features/Feature5_Checkout.feature:8)

