<?xml version="1.0" encoding="UTF-8"?>
<testng-results ignored="0" total="42" passed="42" failed="0" skipped="0">
  <reporter-output>
  </reporter-output>
  <suite started-at="2026-05-26T09:48:08 IST" name="OpenCart Suite" finished-at="2026-05-26T09:50:23 IST" duration-ms="134851">
    <groups>
      <group name="cucumber">
        <method signature="AbstractTestNGCucumberTests.runScenario(io.cucumber.testng.PickleWrapper,io.cucumber.testng.FeatureWrapper)[pri:0, instance:Runners.OpenCartRunner@2f465398]" name="runScenario" class="io.cucumber.testng.AbstractTestNGCucumberTests"/>
        <method signature="AbstractTestNGCucumberTests.runScenario(io.cucumber.testng.PickleWrapper,io.cucumber.testng.FeatureWrapper)[pri:0, instance:Runners.OpenCartRunner@76f2bbc1]" name="runScenario" class="io.cucumber.testng.AbstractTestNGCucumberTests"/>
      </group> <!-- cucumber -->
    </groups>
    <test started-at="2026-05-26T09:48:08 IST" name="Chrome Test" finished-at="2026-05-26T09:50:21 IST" duration-ms="133054">
      <class name="Runners.OpenCartRunner">
        <test-method is-config="true" signature="setBrowser(java.lang.String)[pri:0, instance:Runners.OpenCartRunner@2f465398]" started-at="2026-05-26T09:48:08 IST" name="setBrowser" finished-at="2026-05-26T09:48:08 IST" duration-ms="17" status="PASS">
          <params>
            <param index="0">
              <value>
                <![CDATA[chrome]]>
              </value>
            </param>
          </params>
          <reporter-output>
          </reporter-output>
        </test-method> <!-- setBrowser -->
        <test-method is-config="true" signature="setUpClass(org.testng.ITestContext)[pri:0, instance:Runners.OpenCartRunner@2f465398]" started-at="2026-05-26T09:48:08 IST" name="setUpClass" finished-at="2026-05-26T09:48:09 IST" duration-ms="682" status="PASS">
          <params>
            <param index="0">
              <value>
                <![CDATA[org.testng.TestRunner@505fc5a4]]>
              </value>
            </param>
          </params>
          <reporter-output>
          </reporter-output>
        </test-method> <!-- setUpClass -->
        <test-method signature="runScenario(io.cucumber.testng.PickleWrapper,io.cucumber.testng.FeatureWrapper)[pri:0, instance:Runners.OpenCartRunner@2f465398]" started-at="2026-05-26T09:48:09 IST" name="runScenario" description="Runs Cucumber Scenarios" data-provider="scenarios" finished-at="2026-05-26T09:48:19 IST" duration-ms="10110" status="PASS">
          <params>
            <param index="0">
              <value>
                <![CDATA["Login with valid email and password"]]>
              </value>
            </param>
            <param index="1">
              <value>
                <![CDATA["Open Cart Login Module"]]>
              </value>
            </param>
          </params>
          <reporter-output>
          </reporter-output>
        </test-method> <!-- runScenario -->
        <test-method signature="runScenario(io.cucumber.testng.PickleWrapper,io.cucumber.testng.FeatureWrapper)[pri:0, instance:Runners.OpenCartRunner@2f465398]" started-at="2026-05-26T09:48:19 IST" name="runScenario" description="Runs Cucumber Scenarios" data-provider="scenarios" finished-at="2026-05-26T09:48:23 IST" duration-ms="4241" status="PASS">
          <params>
            <param index="0">
              <value>
                <![CDATA["Login with invalid email and password"]]>
              </value>
            </param>
            <param index="1">
              <value>
                <![CDATA["Open Cart Login Module"]]>
              </value>
            </param>
          </params>
          <reporter-output>
          </reporter-output>
        </test-method> <!-- runScenario -->
        <test-method signature="runScenario(io.cucumber.testng.PickleWrapper,io.cucumber.testng.FeatureWrapper)[pri:0, instance:Runners.OpenCartRunner@2f465398]" started-at="2026-05-26T09:48:23 IST" name="runScenario" description="Runs Cucumber Scenarios" data-provider="scenarios" finished-at="2026-05-26T09:48:28 IST" duration-ms="4297" status="PASS">
          <params>
            <param index="0">
              <value>
                <![CDATA["Login with invalid email and password"]]>
              </value>
            </param>
            <param index="1">
              <value>
                <![CDATA["Open Cart Login Module"]]>
              </value>
            </param>
          </params>
          <reporter-output>
          </reporter-output>
        </test-method> <!-- runScenario -->
        <test-method signature="runScenario(io.cucumber.testng.PickleWrapper,io.cucumber.testng.FeatureWrapper)[pri:0, instance:Runners.OpenCartRunner@2f465398]" started-at="2026-05-26T09:48:28 IST" name="runScenario" description="Runs Cucumber Scenarios" data-provider="scenarios" finished-at="2026-05-26T09:48:33 IST" duration-ms="4975" status="PASS">
          <params>
            <param index="0">
              <value>
                <![CDATA["Login with blank credentials"]]>
              </value>
            </param>
            <param index="1">
              <value>
                <![CDATA["Open Cart Login Module"]]>
              </value>
            </param>
          </params>
          <reporter-output>
          </reporter-output>
        </test-method> <!-- runScenario -->
        <test-method signature="runScenario(io.cucumber.testng.PickleWrapper,io.cucumber.testng.FeatureWrapper)[pri:0, instance:Runners.OpenCartRunner@2f465398]" started-at="2026-05-26T09:48:33 IST" name="runScenario" description="Runs Cucumber Scenarios" data-provider="scenarios" finished-at="2026-05-26T09:48:36 IST" duration-ms="3015" status="PASS">
          <params>
            <param index="0">
              <value>
                <![CDATA["Verify navigation to Registration page"]]>
              </value>
            </param>
            <param index="1">
              <value>
                <![CDATA["Open Cart Registration Module"]]>
              </value>
            </param>
          </params>
          <reporter-output>
          </reporter-output>
        </test-method> <!-- runScenario -->
        <test-method signature="runScenario(io.cucumber.testng.PickleWrapper,io.cucumber.testng.FeatureWrapper)[pri:0, instance:Runners.OpenCartRunner@2f465398]" started-at="2026-05-26T09:48:36 IST" name="runScenario" description="Runs Cucumber Scenarios" data-provider="scenarios" finished-at="2026-05-26T09:48:41 IST" duration-ms="4993" status="PASS">
          <params>
            <param index="0">
              <value>
                <![CDATA["Register user with valid Details"]]>
              </value>
            </param>
            <param index="1">
              <value>
                <![CDATA["Open Cart Registration Module"]]>
              </value>
            </param>
          </params>
          <reporter-output>
          </reporter-output>
        </test-method> <!-- runScenario -->
        <test-method signature="runScenario(io.cucumber.testng.PickleWrapper,io.cucumber.testng.FeatureWrapper)[pri:0, instance:Runners.OpenCartRunner@2f465398]" started-at="2026-05-26T09:48:41 IST" name="runScenario" description="Runs Cucumber Scenarios" data-provider="scenarios" finished-at="2026-05-26T09:48:45 IST" duration-ms="4283" status="PASS">
          <params>
            <param index="0">
              <value>
                <![CDATA["Register User with existing email"]]>
              </value>
            </param>
            <param index="1">
              <value>
                <![CDATA["Open Cart Registration Module"]]>
              </value>
            </param>
          </params>
          <reporter-output>
          </reporter-output>
        </test-method> <!-- runScenario -->
        <test-method signature="runScenario(io.cucumber.testng.PickleWrapper,io.cucumber.testng.FeatureWrapper)[pri:0, instance:Runners.OpenCartRunner@2f465398]" started-at="2026-05-26T09:48:45 IST" name="runScenario" description="Runs Cucumber Scenarios" data-provider="scenarios" finished-at="2026-05-26T09:48:49 IST" duration-ms="4169" status="PASS">
          <params>
            <param index="0">
              <value>
                <![CDATA["Register User with existing email"]]>
              </value>
            </param>
            <param index="1">
              <value>
                <![CDATA["Open Cart Registration Module"]]>
              </value>
            </param>
          </params>
          <reporter-output>
          </reporter-output>
        </test-method> <!-- runScenario -->
        <test-method signature="runScenario(io.cucumber.testng.PickleWrapper,io.cucumber.testng.FeatureWrapper)[pri:0, instance:Runners.OpenCartRunner@2f465398]" started-at="2026-05-26T09:48:49 IST" name="runScenario" description="Runs Cucumber Scenarios" data-provider="scenarios" finished-at="2026-05-26T09:48:53 IST" duration-ms="4140" status="PASS">
          <params>
            <param index="0">
              <value>
                <![CDATA["Verify mandatory field validation messages"]]>
              </value>
            </param>
            <param index="1">
              <value>
                <![CDATA["Open Cart Registration Module"]]>
              </value>
            </param>
          </params>
          <reporter-output>
          </reporter-output>
        </test-method> <!-- runScenario -->
        <test-method signature="runScenario(io.cucumber.testng.PickleWrapper,io.cucumber.testng.FeatureWrapper)[pri:0, instance:Runners.OpenCartRunner@2f465398]" started-at="2026-05-26T09:48:53 IST" name="runScenario" description="Runs Cucumber Scenarios" data-provider="scenarios" finished-at="2026-05-26T09:48:57 IST" duration-ms="3983" status="PASS">
          <params>
            <param index="0">
              <value>
                <![CDATA["Verify password mismatch validation"]]>
              </value>
            </param>
            <param index="1">
              <value>
                <![CDATA["Open Cart Registration Module"]]>
              </value>
            </param>
          </params>
          <reporter-output>
          </reporter-output>
        </test-method> <!-- runScenario -->
        <test-method signature="runScenario(io.cucumber.testng.PickleWrapper,io.cucumber.testng.FeatureWrapper)[pri:0, instance:Runners.OpenCartRunner@2f465398]" started-at="2026-05-26T09:48:57 IST" name="runScenario" description="Runs Cucumber Scenarios" data-provider="scenarios" finished-at="2026-05-26T09:49:06 IST" duration-ms="8922" status="PASS">
          <params>
            <param index="0">
              <value>
                <![CDATA["Search Product using valid keyword"]]>
              </value>
            </param>
            <param index="1">
              <value>
                <![CDATA["Open Cart Product Module"]]>
              </value>
            </param>
          </params>
          <reporter-output>
          </reporter-output>
        </test-method> <!-- runScenario -->
        <test-method signature="runScenario(io.cucumber.testng.PickleWrapper,io.cucumber.testng.FeatureWrapper)[pri:0, instance:Runners.OpenCartRunner@2f465398]" started-at="2026-05-26T09:49:06 IST" name="runScenario" description="Runs Cucumber Scenarios" data-provider="scenarios" finished-at="2026-05-26T09:49:13 IST" duration-ms="6397" status="PASS">
          <params>
            <param index="0">
              <value>
                <![CDATA["Search Product using valid keyword"]]>
              </value>
            </param>
            <param index="1">
              <value>
                <![CDATA["Open Cart Product Module"]]>
              </value>
            </param>
          </params>
          <reporter-output>
          </reporter-output>
        </test-method> <!-- runScenario -->
        <test-method signature="runScenario(io.cucumber.testng.PickleWrapper,io.cucumber.testng.FeatureWrapper)[pri:0, instance:Runners.OpenCartRunner@2f465398]" started-at="2026-05-26T09:49:13 IST" name="runScenario" description="Runs Cucumber Scenarios" data-provider="scenarios" finished-at="2026-05-26T09:49:18 IST" duration-ms="5368" status="PASS">
          <params>
            <param index="0">
              <value>
                <![CDATA["Search Product using invalid keyword"]]>
              </value>
            </param>
            <param index="1">
              <value>
                <![CDATA["Open Cart Product Module"]]>
              </value>
            </param>
          </params>
          <reporter-output>
          </reporter-output>
        </test-method> <!-- runScenario -->
        <test-method signature="runScenario(io.cucumber.testng.PickleWrapper,io.cucumber.testng.FeatureWrapper)[pri:0, instance:Runners.OpenCartRunner@2f465398]" started-at="2026-05-26T09:49:18 IST" name="runScenario" description="Runs Cucumber Scenarios" data-provider="scenarios" finished-at="2026-05-26T09:49:23 IST" duration-ms="4912" status="PASS">
          <params>
            <param index="0">
              <value>
                <![CDATA["Search Product using invalid keyword"]]>
              </value>
            </param>
            <param index="1">
              <value>
                <![CDATA["Open Cart Product Module"]]>
              </value>
            </param>
          </params>
          <reporter-output>
          </reporter-output>
        </test-method> <!-- runScenario -->
        <test-method signature="runScenario(io.cucumber.testng.PickleWrapper,io.cucumber.testng.FeatureWrapper)[pri:0, instance:Runners.OpenCartRunner@2f465398]" started-at="2026-05-26T09:49:23 IST" name="runScenario" description="Runs Cucumber Scenarios" data-provider="scenarios" finished-at="2026-05-26T09:49:27 IST" duration-ms="4220" status="PASS">
          <params>
            <param index="0">
              <value>
                <![CDATA["Search Product with empty field"]]>
              </value>
            </param>
            <param index="1">
              <value>
                <![CDATA["Open Cart Product Module"]]>
              </value>
            </param>
          </params>
          <reporter-output>
          </reporter-output>
        </test-method> <!-- runScenario -->
        <test-method signature="runScenario(io.cucumber.testng.PickleWrapper,io.cucumber.testng.FeatureWrapper)[pri:0, instance:Runners.OpenCartRunner@2f465398]" started-at="2026-05-26T09:49:27 IST" name="runScenario" description="Runs Cucumber Scenarios" data-provider="scenarios" finished-at="2026-05-26T09:49:32 IST" duration-ms="5340" status="PASS">
          <params>
            <param index="0">
              <value>
                <![CDATA["Add product to cart"]]>
              </value>
            </param>
            <param index="1">
              <value>
                <![CDATA["Open Cart cart Module"]]>
              </value>
            </param>
          </params>
          <reporter-output>
          </reporter-output>
        </test-method> <!-- runScenario -->
        <test-method signature="runScenario(io.cucumber.testng.PickleWrapper,io.cucumber.testng.FeatureWrapper)[pri:0, instance:Runners.OpenCartRunner@2f465398]" started-at="2026-05-26T09:49:32 IST" name="runScenario" description="Runs Cucumber Scenarios" data-provider="scenarios" finished-at="2026-05-26T09:49:38 IST" duration-ms="5872" status="PASS">
          <params>
            <param index="0">
              <value>
                <![CDATA["Update product quantity"]]>
              </value>
            </param>
            <param index="1">
              <value>
                <![CDATA["Open Cart cart Module"]]>
              </value>
            </param>
          </params>
          <reporter-output>
          </reporter-output>
        </test-method> <!-- runScenario -->
        <test-method signature="runScenario(io.cucumber.testng.PickleWrapper,io.cucumber.testng.FeatureWrapper)[pri:0, instance:Runners.OpenCartRunner@2f465398]" started-at="2026-05-26T09:49:38 IST" name="runScenario" description="Runs Cucumber Scenarios" data-provider="scenarios" finished-at="2026-05-26T09:49:43 IST" duration-ms="4470" status="PASS">
          <params>
            <param index="0">
              <value>
                <![CDATA["Remove product from cart"]]>
              </value>
            </param>
            <param index="1">
              <value>
                <![CDATA["Open Cart cart Module"]]>
              </value>
            </param>
          </params>
          <reporter-output>
          </reporter-output>
        </test-method> <!-- runScenario -->
        <test-method signature="runScenario(io.cucumber.testng.PickleWrapper,io.cucumber.testng.FeatureWrapper)[pri:0, instance:Runners.OpenCartRunner@2f465398]" started-at="2026-05-26T09:49:43 IST" name="runScenario" description="Runs Cucumber Scenarios" data-provider="scenarios" finished-at="2026-05-26T09:49:57 IST" duration-ms="14628" status="PASS">
          <params>
            <param index="0">
              <value>
                <![CDATA["Verify empty cart message"]]>
              </value>
            </param>
            <param index="1">
              <value>
                <![CDATA["Open Cart cart Module"]]>
              </value>
            </param>
          </params>
          <reporter-output>
          </reporter-output>
        </test-method> <!-- runScenario -->
        <test-method signature="runScenario(io.cucumber.testng.PickleWrapper,io.cucumber.testng.FeatureWrapper)[pri:0, instance:Runners.OpenCartRunner@2f465398]" started-at="2026-05-26T09:49:57 IST" name="runScenario" description="Runs Cucumber Scenarios" data-provider="scenarios" finished-at="2026-05-26T09:50:15 IST" duration-ms="17315" status="PASS">
          <params>
            <param index="0">
              <value>
                <![CDATA["Verify Checkout functionality"]]>
              </value>
            </param>
            <param index="1">
              <value>
                <![CDATA["Open Cart Checkout Feature"]]>
              </value>
            </param>
          </params>
          <reporter-output>
          </reporter-output>
        </test-method> <!-- runScenario -->
        <test-method signature="runScenario(io.cucumber.testng.PickleWrapper,io.cucumber.testng.FeatureWrapper)[pri:0, instance:Runners.OpenCartRunner@2f465398]" started-at="2026-05-26T09:50:15 IST" name="runScenario" description="Runs Cucumber Scenarios" data-provider="scenarios" finished-at="2026-05-26T09:50:21 IST" duration-ms="6183" status="PASS">
          <params>
            <param index="0">
              <value>
                <![CDATA["Verify logout functionality"]]>
              </value>
            </param>
            <param index="1">
              <value>
                <![CDATA["Open Cart Logout Module"]]>
              </value>
            </param>
          </params>
          <reporter-output>
          </reporter-output>
        </test-method> <!-- runScenario -->
        <test-method is-config="true" signature="tearDownClass()[pri:0, instance:Runners.OpenCartRunner@2f465398]" started-at="2026-05-26T09:50:21 IST" name="tearDownClass" finished-at="2026-05-26T09:50:21 IST" duration-ms="400" status="PASS">
          <reporter-output>
          </reporter-output>
        </test-method> <!-- tearDownClass -->
      </class> <!-- Runners.OpenCartRunner -->
    </test> <!-- Chrome Test -->
    <test started-at="2026-05-26T09:48:08 IST" name="Edge Test" finished-at="2026-05-26T09:50:23 IST" duration-ms="134851">
      <class name="Runners.OpenCartRunner">
        <test-method is-config="true" signature="setBrowser(java.lang.String)[pri:0, instance:Runners.OpenCartRunner@76f2bbc1]" started-at="2026-05-26T09:48:08 IST" name="setBrowser" finished-at="2026-05-26T09:48:08 IST" duration-ms="17" status="PASS">
          <params>
            <param index="0">
              <value>
                <![CDATA[edge]]>
              </value>
            </param>
          </params>
          <reporter-output>
          </reporter-output>
        </test-method> <!-- setBrowser -->
        <test-method is-config="true" signature="setUpClass(org.testng.ITestContext)[pri:0, instance:Runners.OpenCartRunner@76f2bbc1]" started-at="2026-05-26T09:48:08 IST" name="setUpClass" finished-at="2026-05-26T09:48:09 IST" duration-ms="682" status="PASS">
          <params>
            <param index="0">
              <value>
                <![CDATA[org.testng.TestRunner@5fbdfdcf]]>
              </value>
            </param>
          </params>
          <reporter-output>
          </reporter-output>
        </test-method> <!-- setUpClass -->
        <test-method signature="runScenario(io.cucumber.testng.PickleWrapper,io.cucumber.testng.FeatureWrapper)[pri:0, instance:Runners.OpenCartRunner@76f2bbc1]" started-at="2026-05-26T09:48:09 IST" name="runScenario" description="Runs Cucumber Scenarios" data-provider="scenarios" finished-at="2026-05-26T09:48:19 IST" duration-ms="9467" status="PASS">
          <params>
            <param index="0">
              <value>
                <![CDATA["Login with valid email and password"]]>
              </value>
            </param>
            <param index="1">
              <value>
                <![CDATA["Open Cart Login Module"]]>
              </value>
            </param>
          </params>
          <reporter-output>
          </reporter-output>
        </test-method> <!-- runScenario -->
        <test-method signature="runScenario(io.cucumber.testng.PickleWrapper,io.cucumber.testng.FeatureWrapper)[pri:0, instance:Runners.OpenCartRunner@76f2bbc1]" started-at="2026-05-26T09:48:19 IST" name="runScenario" description="Runs Cucumber Scenarios" data-provider="scenarios" finished-at="2026-05-26T09:48:24 IST" duration-ms="5051" status="PASS">
          <params>
            <param index="0">
              <value>
                <![CDATA["Login with invalid email and password"]]>
              </value>
            </param>
            <param index="1">
              <value>
                <![CDATA["Open Cart Login Module"]]>
              </value>
            </param>
          </params>
          <reporter-output>
          </reporter-output>
        </test-method> <!-- runScenario -->
        <test-method signature="runScenario(io.cucumber.testng.PickleWrapper,io.cucumber.testng.FeatureWrapper)[pri:0, instance:Runners.OpenCartRunner@76f2bbc1]" started-at="2026-05-26T09:48:24 IST" name="runScenario" description="Runs Cucumber Scenarios" data-provider="scenarios" finished-at="2026-05-26T09:48:28 IST" duration-ms="4206" status="PASS">
          <params>
            <param index="0">
              <value>
                <![CDATA["Login with invalid email and password"]]>
              </value>
            </param>
            <param index="1">
              <value>
                <![CDATA["Open Cart Login Module"]]>
              </value>
            </param>
          </params>
          <reporter-output>
          </reporter-output>
        </test-method> <!-- runScenario -->
        <test-method signature="runScenario(io.cucumber.testng.PickleWrapper,io.cucumber.testng.FeatureWrapper)[pri:0, instance:Runners.OpenCartRunner@76f2bbc1]" started-at="2026-05-26T09:48:28 IST" name="runScenario" description="Runs Cucumber Scenarios" data-provider="scenarios" finished-at="2026-05-26T09:48:33 IST" duration-ms="4906" status="PASS">
          <params>
            <param index="0">
              <value>
                <![CDATA["Login with blank credentials"]]>
              </value>
            </param>
            <param index="1">
              <value>
                <![CDATA["Open Cart Login Module"]]>
              </value>
            </param>
          </params>
          <reporter-output>
          </reporter-output>
        </test-method> <!-- runScenario -->
        <test-method signature="runScenario(io.cucumber.testng.PickleWrapper,io.cucumber.testng.FeatureWrapper)[pri:0, instance:Runners.OpenCartRunner@76f2bbc1]" started-at="2026-05-26T09:48:33 IST" name="runScenario" description="Runs Cucumber Scenarios" data-provider="scenarios" finished-at="2026-05-26T09:48:36 IST" duration-ms="2850" status="PASS">
          <params>
            <param index="0">
              <value>
                <![CDATA["Verify navigation to Registration page"]]>
              </value>
            </param>
            <param index="1">
              <value>
                <![CDATA["Open Cart Registration Module"]]>
              </value>
            </param>
          </params>
          <reporter-output>
          </reporter-output>
        </test-method> <!-- runScenario -->
        <test-method signature="runScenario(io.cucumber.testng.PickleWrapper,io.cucumber.testng.FeatureWrapper)[pri:0, instance:Runners.OpenCartRunner@76f2bbc1]" started-at="2026-05-26T09:48:36 IST" name="runScenario" description="Runs Cucumber Scenarios" data-provider="scenarios" finished-at="2026-05-26T09:48:41 IST" duration-ms="5094" status="PASS">
          <params>
            <param index="0">
              <value>
                <![CDATA["Register user with valid Details"]]>
              </value>
            </param>
            <param index="1">
              <value>
                <![CDATA["Open Cart Registration Module"]]>
              </value>
            </param>
          </params>
          <reporter-output>
          </reporter-output>
        </test-method> <!-- runScenario -->
        <test-method signature="runScenario(io.cucumber.testng.PickleWrapper,io.cucumber.testng.FeatureWrapper)[pri:0, instance:Runners.OpenCartRunner@76f2bbc1]" started-at="2026-05-26T09:48:41 IST" name="runScenario" description="Runs Cucumber Scenarios" data-provider="scenarios" finished-at="2026-05-26T09:48:45 IST" duration-ms="4305" status="PASS">
          <params>
            <param index="0">
              <value>
                <![CDATA["Register User with existing email"]]>
              </value>
            </param>
            <param index="1">
              <value>
                <![CDATA["Open Cart Registration Module"]]>
              </value>
            </param>
          </params>
          <reporter-output>
          </reporter-output>
        </test-method> <!-- runScenario -->
        <test-method signature="runScenario(io.cucumber.testng.PickleWrapper,io.cucumber.testng.FeatureWrapper)[pri:0, instance:Runners.OpenCartRunner@76f2bbc1]" started-at="2026-05-26T09:48:45 IST" name="runScenario" description="Runs Cucumber Scenarios" data-provider="scenarios" finished-at="2026-05-26T09:48:49 IST" duration-ms="4320" status="PASS">
          <params>
            <param index="0">
              <value>
                <![CDATA["Register User with existing email"]]>
              </value>
            </param>
            <param index="1">
              <value>
                <![CDATA["Open Cart Registration Module"]]>
              </value>
            </param>
          </params>
          <reporter-output>
          </reporter-output>
        </test-method> <!-- runScenario -->
        <test-method signature="runScenario(io.cucumber.testng.PickleWrapper,io.cucumber.testng.FeatureWrapper)[pri:0, instance:Runners.OpenCartRunner@76f2bbc1]" started-at="2026-05-26T09:48:49 IST" name="runScenario" description="Runs Cucumber Scenarios" data-provider="scenarios" finished-at="2026-05-26T09:48:53 IST" duration-ms="3966" status="PASS">
          <params>
            <param index="0">
              <value>
                <![CDATA["Verify mandatory field validation messages"]]>
              </value>
            </param>
            <param index="1">
              <value>
                <![CDATA["Open Cart Registration Module"]]>
              </value>
            </param>
          </params>
          <reporter-output>
          </reporter-output>
        </test-method> <!-- runScenario -->
        <test-method signature="runScenario(io.cucumber.testng.PickleWrapper,io.cucumber.testng.FeatureWrapper)[pri:0, instance:Runners.OpenCartRunner@76f2bbc1]" started-at="2026-05-26T09:48:53 IST" name="runScenario" description="Runs Cucumber Scenarios" data-provider="scenarios" finished-at="2026-05-26T09:48:57 IST" duration-ms="4088" status="PASS">
          <params>
            <param index="0">
              <value>
                <![CDATA["Verify password mismatch validation"]]>
              </value>
            </param>
            <param index="1">
              <value>
                <![CDATA["Open Cart Registration Module"]]>
              </value>
            </param>
          </params>
          <reporter-output>
          </reporter-output>
        </test-method> <!-- runScenario -->
        <test-method signature="runScenario(io.cucumber.testng.PickleWrapper,io.cucumber.testng.FeatureWrapper)[pri:0, instance:Runners.OpenCartRunner@76f2bbc1]" started-at="2026-05-26T09:48:57 IST" name="runScenario" description="Runs Cucumber Scenarios" data-provider="scenarios" finished-at="2026-05-26T09:49:06 IST" duration-ms="9046" status="PASS">
          <params>
            <param index="0">
              <value>
                <![CDATA["Search Product using valid keyword"]]>
              </value>
            </param>
            <param index="1">
              <value>
                <![CDATA["Open Cart Product Module"]]>
              </value>
            </param>
          </params>
          <reporter-output>
          </reporter-output>
        </test-method> <!-- runScenario -->
        <test-method signature="runScenario(io.cucumber.testng.PickleWrapper,io.cucumber.testng.FeatureWrapper)[pri:0, instance:Runners.OpenCartRunner@76f2bbc1]" started-at="2026-05-26T09:49:06 IST" name="runScenario" description="Runs Cucumber Scenarios" data-provider="scenarios" finished-at="2026-05-26T09:49:12 IST" duration-ms="5679" status="PASS">
          <params>
            <param index="0">
              <value>
                <![CDATA["Search Product using valid keyword"]]>
              </value>
            </param>
            <param index="1">
              <value>
                <![CDATA["Open Cart Product Module"]]>
              </value>
            </param>
          </params>
          <reporter-output>
          </reporter-output>
        </test-method> <!-- runScenario -->
        <test-method signature="runScenario(io.cucumber.testng.PickleWrapper,io.cucumber.testng.FeatureWrapper)[pri:0, instance:Runners.OpenCartRunner@76f2bbc1]" started-at="2026-05-26T09:49:12 IST" name="runScenario" description="Runs Cucumber Scenarios" data-provider="scenarios" finished-at="2026-05-26T09:49:18 IST" duration-ms="6005" status="PASS">
          <params>
            <param index="0">
              <value>
                <![CDATA["Search Product using invalid keyword"]]>
              </value>
            </param>
            <param index="1">
              <value>
                <![CDATA["Open Cart Product Module"]]>
              </value>
            </param>
          </params>
          <reporter-output>
          </reporter-output>
        </test-method> <!-- runScenario -->
        <test-method signature="runScenario(io.cucumber.testng.PickleWrapper,io.cucumber.testng.FeatureWrapper)[pri:0, instance:Runners.OpenCartRunner@76f2bbc1]" started-at="2026-05-26T09:49:18 IST" name="runScenario" description="Runs Cucumber Scenarios" data-provider="scenarios" finished-at="2026-05-26T09:49:22 IST" duration-ms="4213" status="PASS">
          <params>
            <param index="0">
              <value>
                <![CDATA["Search Product using invalid keyword"]]>
              </value>
            </param>
            <param index="1">
              <value>
                <![CDATA["Open Cart Product Module"]]>
              </value>
            </param>
          </params>
          <reporter-output>
          </reporter-output>
        </test-method> <!-- runScenario -->
        <test-method signature="runScenario(io.cucumber.testng.PickleWrapper,io.cucumber.testng.FeatureWrapper)[pri:0, instance:Runners.OpenCartRunner@76f2bbc1]" started-at="2026-05-26T09:49:22 IST" name="runScenario" description="Runs Cucumber Scenarios" data-provider="scenarios" finished-at="2026-05-26T09:49:26 IST" duration-ms="3956" status="PASS">
          <params>
            <param index="0">
              <value>
                <![CDATA["Search Product with empty field"]]>
              </value>
            </param>
            <param index="1">
              <value>
                <![CDATA["Open Cart Product Module"]]>
              </value>
            </param>
          </params>
          <reporter-output>
          </reporter-output>
        </test-method> <!-- runScenario -->
        <test-method signature="runScenario(io.cucumber.testng.PickleWrapper,io.cucumber.testng.FeatureWrapper)[pri:0, instance:Runners.OpenCartRunner@76f2bbc1]" started-at="2026-05-26T09:49:26 IST" name="runScenario" description="Runs Cucumber Scenarios" data-provider="scenarios" finished-at="2026-05-26T09:49:33 IST" duration-ms="6520" status="PASS">
          <params>
            <param index="0">
              <value>
                <![CDATA["Add product to cart"]]>
              </value>
            </param>
            <param index="1">
              <value>
                <![CDATA["Open Cart cart Module"]]>
              </value>
            </param>
          </params>
          <reporter-output>
          </reporter-output>
        </test-method> <!-- runScenario -->
        <test-method signature="runScenario(io.cucumber.testng.PickleWrapper,io.cucumber.testng.FeatureWrapper)[pri:0, instance:Runners.OpenCartRunner@76f2bbc1]" started-at="2026-05-26T09:49:33 IST" name="runScenario" description="Runs Cucumber Scenarios" data-provider="scenarios" finished-at="2026-05-26T09:49:38 IST" duration-ms="4893" status="PASS">
          <params>
            <param index="0">
              <value>
                <![CDATA["Update product quantity"]]>
              </value>
            </param>
            <param index="1">
              <value>
                <![CDATA["Open Cart cart Module"]]>
              </value>
            </param>
          </params>
          <reporter-output>
          </reporter-output>
        </test-method> <!-- runScenario -->
        <test-method signature="runScenario(io.cucumber.testng.PickleWrapper,io.cucumber.testng.FeatureWrapper)[pri:0, instance:Runners.OpenCartRunner@76f2bbc1]" started-at="2026-05-26T09:49:38 IST" name="runScenario" description="Runs Cucumber Scenarios" data-provider="scenarios" finished-at="2026-05-26T09:49:42 IST" duration-ms="4693" status="PASS">
          <params>
            <param index="0">
              <value>
                <![CDATA["Remove product from cart"]]>
              </value>
            </param>
            <param index="1">
              <value>
                <![CDATA["Open Cart cart Module"]]>
              </value>
            </param>
          </params>
          <reporter-output>
          </reporter-output>
        </test-method> <!-- runScenario -->
        <test-method signature="runScenario(io.cucumber.testng.PickleWrapper,io.cucumber.testng.FeatureWrapper)[pri:0, instance:Runners.OpenCartRunner@76f2bbc1]" started-at="2026-05-26T09:49:42 IST" name="runScenario" description="Runs Cucumber Scenarios" data-provider="scenarios" finished-at="2026-05-26T09:49:57 IST" duration-ms="14437" status="PASS">
          <params>
            <param index="0">
              <value>
                <![CDATA["Verify empty cart message"]]>
              </value>
            </param>
            <param index="1">
              <value>
                <![CDATA["Open Cart cart Module"]]>
              </value>
            </param>
          </params>
          <reporter-output>
          </reporter-output>
        </test-method> <!-- runScenario -->
        <test-method signature="runScenario(io.cucumber.testng.PickleWrapper,io.cucumber.testng.FeatureWrapper)[pri:0, instance:Runners.OpenCartRunner@76f2bbc1]" started-at="2026-05-26T09:49:57 IST" name="runScenario" description="Runs Cucumber Scenarios" data-provider="scenarios" finished-at="2026-05-26T09:50:16 IST" duration-ms="18806" status="PASS">
          <params>
            <param index="0">
              <value>
                <![CDATA["Verify Checkout functionality"]]>
              </value>
            </param>
            <param index="1">
              <value>
                <![CDATA["Open Cart Checkout Feature"]]>
              </value>
            </param>
          </params>
          <reporter-output>
          </reporter-output>
        </test-method> <!-- runScenario -->
        <test-method signature="runScenario(io.cucumber.testng.PickleWrapper,io.cucumber.testng.FeatureWrapper)[pri:0, instance:Runners.OpenCartRunner@76f2bbc1]" started-at="2026-05-26T09:50:16 IST" name="runScenario" description="Runs Cucumber Scenarios" data-provider="scenarios" finished-at="2026-05-26T09:50:23 IST" duration-ms="7566" status="PASS">
          <params>
            <param index="0">
              <value>
                <![CDATA["Verify logout functionality"]]>
              </value>
            </param>
            <param index="1">
              <value>
                <![CDATA["Open Cart Logout Module"]]>
              </value>
            </param>
          </params>
          <reporter-output>
          </reporter-output>
        </test-method> <!-- runScenario -->
        <test-method is-config="true" signature="tearDownClass()[pri:0, instance:Runners.OpenCartRunner@76f2bbc1]" started-at="2026-05-26T09:50:23 IST" name="tearDownClass" finished-at="2026-05-26T09:50:23 IST" duration-ms="12" status="PASS">
          <reporter-output>
          </reporter-output>
        </test-method> <!-- tearDownClass -->
      </class> <!-- Runners.OpenCartRunner -->
    </test> <!-- Edge Test -->
  </suite> <!-- OpenCart Suite -->
</testng-results>
