<?xml version="1.0" encoding="UTF-8"?>
<testng-results ignored="0" total="42" passed="42" failed="0" skipped="0">
  <reporter-output>
  </reporter-output>
  <suite started-at="2026-05-25T20:35:50 IST" name="OpenCart Suite" finished-at="2026-05-25T20:37:51 IST" duration-ms="121596">
    <groups>
      <group name="cucumber">
        <method signature="AbstractTestNGCucumberTests.runScenario(io.cucumber.testng.PickleWrapper,io.cucumber.testng.FeatureWrapper)[pri:0, instance:Runners.OpenCartRunner@2f465398]" name="runScenario" class="io.cucumber.testng.AbstractTestNGCucumberTests"/>
        <method signature="AbstractTestNGCucumberTests.runScenario(io.cucumber.testng.PickleWrapper,io.cucumber.testng.FeatureWrapper)[pri:0, instance:Runners.OpenCartRunner@76f2bbc1]" name="runScenario" class="io.cucumber.testng.AbstractTestNGCucumberTests"/>
      </group> <!-- cucumber -->
    </groups>
    <test started-at="2026-05-25T20:35:50 IST" name="Chrome Test" finished-at="2026-05-25T20:37:51 IST" duration-ms="121517">
      <class name="Runners.OpenCartRunner">
        <test-method is-config="true" signature="setBrowser(java.lang.String)[pri:0, instance:Runners.OpenCartRunner@2f465398]" started-at="2026-05-25T20:35:50 IST" name="setBrowser" finished-at="2026-05-25T20:35:50 IST" duration-ms="44" status="PASS">
          <params>
            <param index="0">
              <value>
                <![CDATA[chrome]]>
              </value>
            </param>
          </params>
          <reporter-output>
          </reporter-output>
        </test-method> <!-- setBrowser -->
        <test-method is-config="true" signature="setUpClass(org.testng.ITestContext)[pri:0, instance:Runners.OpenCartRunner@2f465398]" started-at="2026-05-25T20:35:50 IST" name="setUpClass" finished-at="2026-05-25T20:35:51 IST" duration-ms="1252" status="PASS">
          <params>
            <param index="0">
              <value>
                <![CDATA[org.testng.TestRunner@505fc5a4]]>
              </value>
            </param>
          </params>
          <reporter-output>
          </reporter-output>
        </test-method> <!-- setUpClass -->
        <test-method signature="runScenario(io.cucumber.testng.PickleWrapper,io.cucumber.testng.FeatureWrapper)[pri:0, instance:Runners.OpenCartRunner@2f465398]" started-at="2026-05-25T20:35:51 IST" name="runScenario" description="Runs Cucumber Scenarios" data-provider="scenarios" finished-at="2026-05-25T20:36:00 IST" duration-ms="8835" status="PASS">
          <params>
            <param index="0">
              <value>
                <![CDATA["Login with valid email and password"]]>
              </value>
            </param>
            <param index="1">
              <value>
                <![CDATA["Open Cart Login Module"]]>
              </value>
            </param>
          </params>
          <reporter-output>
          </reporter-output>
        </test-method> <!-- runScenario -->
        <test-method signature="runScenario(io.cucumber.testng.PickleWrapper,io.cucumber.testng.FeatureWrapper)[pri:0, instance:Runners.OpenCartRunner@2f465398]" started-at="2026-05-25T20:36:00 IST" name="runScenario" description="Runs Cucumber Scenarios" data-provider="scenarios" finished-at="2026-05-25T20:36:06 IST" duration-ms="6095" status="PASS">
          <params>
            <param index="0">
              <value>
                <![CDATA["Login with invalid email and password"]]>
              </value>
            </param>
            <param index="1">
              <value>
                <![CDATA["Open Cart Login Module"]]>
              </value>
            </param>
          </params>
          <reporter-output>
          </reporter-output>
        </test-method> <!-- runScenario -->
        <test-method signature="runScenario(io.cucumber.testng.PickleWrapper,io.cucumber.testng.FeatureWrapper)[pri:0, instance:Runners.OpenCartRunner@2f465398]" started-at="2026-05-25T20:36:06 IST" name="runScenario" description="Runs Cucumber Scenarios" data-provider="scenarios" finished-at="2026-05-25T20:36:11 IST" duration-ms="5415" status="PASS">
          <params>
            <param index="0">
              <value>
                <![CDATA["Login with invalid email and password"]]>
              </value>
            </param>
            <param index="1">
              <value>
                <![CDATA["Open Cart Login Module"]]>
              </value>
            </param>
          </params>
          <reporter-output>
          </reporter-output>
        </test-method> <!-- runScenario -->
        <test-method signature="runScenario(io.cucumber.testng.PickleWrapper,io.cucumber.testng.FeatureWrapper)[pri:0, instance:Runners.OpenCartRunner@2f465398]" started-at="2026-05-25T20:36:11 IST" name="runScenario" description="Runs Cucumber Scenarios" data-provider="scenarios" finished-at="2026-05-25T20:36:17 IST" duration-ms="6021" status="PASS">
          <params>
            <param index="0">
              <value>
                <![CDATA["Login with blank credentials"]]>
              </value>
            </param>
            <param index="1">
              <value>
                <![CDATA["Open Cart Login Module"]]>
              </value>
            </param>
          </params>
          <reporter-output>
          </reporter-output>
        </test-method> <!-- runScenario -->
        <test-method signature="runScenario(io.cucumber.testng.PickleWrapper,io.cucumber.testng.FeatureWrapper)[pri:0, instance:Runners.OpenCartRunner@2f465398]" started-at="2026-05-25T20:36:17 IST" name="runScenario" description="Runs Cucumber Scenarios" data-provider="scenarios" finished-at="2026-05-25T20:36:20 IST" duration-ms="3054" status="PASS">
          <params>
            <param index="0">
              <value>
                <![CDATA["Verify navigation to Registration page"]]>
              </value>
            </param>
            <param index="1">
              <value>
                <![CDATA["Open Cart Registration Module"]]>
              </value>
            </param>
          </params>
          <reporter-output>
          </reporter-output>
        </test-method> <!-- runScenario -->
        <test-method signature="runScenario(io.cucumber.testng.PickleWrapper,io.cucumber.testng.FeatureWrapper)[pri:0, instance:Runners.OpenCartRunner@2f465398]" started-at="2026-05-25T20:36:20 IST" name="runScenario" description="Runs Cucumber Scenarios" data-provider="scenarios" finished-at="2026-05-25T20:36:25 IST" duration-ms="5082" status="PASS">
          <params>
            <param index="0">
              <value>
                <![CDATA["Register user with valid Details"]]>
              </value>
            </param>
            <param index="1">
              <value>
                <![CDATA["Open Cart Registration Module"]]>
              </value>
            </param>
          </params>
          <reporter-output>
          </reporter-output>
        </test-method> <!-- runScenario -->
        <test-method signature="runScenario(io.cucumber.testng.PickleWrapper,io.cucumber.testng.FeatureWrapper)[pri:0, instance:Runners.OpenCartRunner@2f465398]" started-at="2026-05-25T20:36:25 IST" name="runScenario" description="Runs Cucumber Scenarios" data-provider="scenarios" finished-at="2026-05-25T20:36:29 IST" duration-ms="3890" status="PASS">
          <params>
            <param index="0">
              <value>
                <![CDATA["Register User with existing email"]]>
              </value>
            </param>
            <param index="1">
              <value>
                <![CDATA["Open Cart Registration Module"]]>
              </value>
            </param>
          </params>
          <reporter-output>
          </reporter-output>
        </test-method> <!-- runScenario -->
        <test-method signature="runScenario(io.cucumber.testng.PickleWrapper,io.cucumber.testng.FeatureWrapper)[pri:0, instance:Runners.OpenCartRunner@2f465398]" started-at="2026-05-25T20:36:29 IST" name="runScenario" description="Runs Cucumber Scenarios" data-provider="scenarios" finished-at="2026-05-25T20:36:33 IST" duration-ms="3977" status="PASS">
          <params>
            <param index="0">
              <value>
                <![CDATA["Register User with existing email"]]>
              </value>
            </param>
            <param index="1">
              <value>
                <![CDATA["Open Cart Registration Module"]]>
              </value>
            </param>
          </params>
          <reporter-output>
          </reporter-output>
        </test-method> <!-- runScenario -->
        <test-method signature="runScenario(io.cucumber.testng.PickleWrapper,io.cucumber.testng.FeatureWrapper)[pri:0, instance:Runners.OpenCartRunner@2f465398]" started-at="2026-05-25T20:36:33 IST" name="runScenario" description="Runs Cucumber Scenarios" data-provider="scenarios" finished-at="2026-05-25T20:36:37 IST" duration-ms="3474" status="PASS">
          <params>
            <param index="0">
              <value>
                <![CDATA["Verify mandatory field validation messages"]]>
              </value>
            </param>
            <param index="1">
              <value>
                <![CDATA["Open Cart Registration Module"]]>
              </value>
            </param>
          </params>
          <reporter-output>
          </reporter-output>
        </test-method> <!-- runScenario -->
        <test-method signature="runScenario(io.cucumber.testng.PickleWrapper,io.cucumber.testng.FeatureWrapper)[pri:0, instance:Runners.OpenCartRunner@2f465398]" started-at="2026-05-25T20:36:37 IST" name="runScenario" description="Runs Cucumber Scenarios" data-provider="scenarios" finished-at="2026-05-25T20:36:40 IST" duration-ms="3535" status="PASS">
          <params>
            <param index="0">
              <value>
                <![CDATA["Verify password mismatch validation"]]>
              </value>
            </param>
            <param index="1">
              <value>
                <![CDATA["Open Cart Registration Module"]]>
              </value>
            </param>
          </params>
          <reporter-output>
          </reporter-output>
        </test-method> <!-- runScenario -->
        <test-method signature="runScenario(io.cucumber.testng.PickleWrapper,io.cucumber.testng.FeatureWrapper)[pri:0, instance:Runners.OpenCartRunner@2f465398]" started-at="2026-05-25T20:36:40 IST" name="runScenario" description="Runs Cucumber Scenarios" data-provider="scenarios" finished-at="2026-05-25T20:36:45 IST" duration-ms="5069" status="PASS">
          <params>
            <param index="0">
              <value>
                <![CDATA["Search Product using valid keyword"]]>
              </value>
            </param>
            <param index="1">
              <value>
                <![CDATA["Open Cart Product Module"]]>
              </value>
            </param>
          </params>
          <reporter-output>
          </reporter-output>
        </test-method> <!-- runScenario -->
        <test-method signature="runScenario(io.cucumber.testng.PickleWrapper,io.cucumber.testng.FeatureWrapper)[pri:0, instance:Runners.OpenCartRunner@2f465398]" started-at="2026-05-25T20:36:45 IST" name="runScenario" description="Runs Cucumber Scenarios" data-provider="scenarios" finished-at="2026-05-25T20:36:51 IST" duration-ms="5242" status="PASS">
          <params>
            <param index="0">
              <value>
                <![CDATA["Search Product using valid keyword"]]>
              </value>
            </param>
            <param index="1">
              <value>
                <![CDATA["Open Cart Product Module"]]>
              </value>
            </param>
          </params>
          <reporter-output>
          </reporter-output>
        </test-method> <!-- runScenario -->
        <test-method signature="runScenario(io.cucumber.testng.PickleWrapper,io.cucumber.testng.FeatureWrapper)[pri:0, instance:Runners.OpenCartRunner@2f465398]" started-at="2026-05-25T20:36:51 IST" name="runScenario" description="Runs Cucumber Scenarios" data-provider="scenarios" finished-at="2026-05-25T20:36:56 IST" duration-ms="5535" status="PASS">
          <params>
            <param index="0">
              <value>
                <![CDATA["Search Product using invalid keyword"]]>
              </value>
            </param>
            <param index="1">
              <value>
                <![CDATA["Open Cart Product Module"]]>
              </value>
            </param>
          </params>
          <reporter-output>
          </reporter-output>
        </test-method> <!-- runScenario -->
        <test-method signature="runScenario(io.cucumber.testng.PickleWrapper,io.cucumber.testng.FeatureWrapper)[pri:0, instance:Runners.OpenCartRunner@2f465398]" started-at="2026-05-25T20:36:56 IST" name="runScenario" description="Runs Cucumber Scenarios" data-provider="scenarios" finished-at="2026-05-25T20:37:01 IST" duration-ms="4547" status="PASS">
          <params>
            <param index="0">
              <value>
                <![CDATA["Search Product using invalid keyword"]]>
              </value>
            </param>
            <param index="1">
              <value>
                <![CDATA["Open Cart Product Module"]]>
              </value>
            </param>
          </params>
          <reporter-output>
          </reporter-output>
        </test-method> <!-- runScenario -->
        <test-method signature="runScenario(io.cucumber.testng.PickleWrapper,io.cucumber.testng.FeatureWrapper)[pri:0, instance:Runners.OpenCartRunner@2f465398]" started-at="2026-05-25T20:37:01 IST" name="runScenario" description="Runs Cucumber Scenarios" data-provider="scenarios" finished-at="2026-05-25T20:37:05 IST" duration-ms="4412" status="PASS">
          <params>
            <param index="0">
              <value>
                <![CDATA["Search Product with empty field"]]>
              </value>
            </param>
            <param index="1">
              <value>
                <![CDATA["Open Cart Product Module"]]>
              </value>
            </param>
          </params>
          <reporter-output>
          </reporter-output>
        </test-method> <!-- runScenario -->
        <test-method signature="runScenario(io.cucumber.testng.PickleWrapper,io.cucumber.testng.FeatureWrapper)[pri:0, instance:Runners.OpenCartRunner@2f465398]" started-at="2026-05-25T20:37:05 IST" name="runScenario" description="Runs Cucumber Scenarios" data-provider="scenarios" finished-at="2026-05-25T20:37:11 IST" duration-ms="5516" status="PASS">
          <params>
            <param index="0">
              <value>
                <![CDATA["Add product to cart"]]>
              </value>
            </param>
            <param index="1">
              <value>
                <![CDATA["Open Cart cart Module"]]>
              </value>
            </param>
          </params>
          <reporter-output>
          </reporter-output>
        </test-method> <!-- runScenario -->
        <test-method signature="runScenario(io.cucumber.testng.PickleWrapper,io.cucumber.testng.FeatureWrapper)[pri:0, instance:Runners.OpenCartRunner@2f465398]" started-at="2026-05-25T20:37:11 IST" name="runScenario" description="Runs Cucumber Scenarios" data-provider="scenarios" finished-at="2026-05-25T20:37:16 IST" duration-ms="5301" status="PASS">
          <params>
            <param index="0">
              <value>
                <![CDATA["Update product quantity"]]>
              </value>
            </param>
            <param index="1">
              <value>
                <![CDATA["Open Cart cart Module"]]>
              </value>
            </param>
          </params>
          <reporter-output>
          </reporter-output>
        </test-method> <!-- runScenario -->
        <test-method signature="runScenario(io.cucumber.testng.PickleWrapper,io.cucumber.testng.FeatureWrapper)[pri:0, instance:Runners.OpenCartRunner@2f465398]" started-at="2026-05-25T20:37:16 IST" name="runScenario" description="Runs Cucumber Scenarios" data-provider="scenarios" finished-at="2026-05-25T20:37:20 IST" duration-ms="4418" status="PASS">
          <params>
            <param index="0">
              <value>
                <![CDATA["Remove product from cart"]]>
              </value>
            </param>
            <param index="1">
              <value>
                <![CDATA["Open Cart cart Module"]]>
              </value>
            </param>
          </params>
          <reporter-output>
          </reporter-output>
        </test-method> <!-- runScenario -->
        <test-method signature="runScenario(io.cucumber.testng.PickleWrapper,io.cucumber.testng.FeatureWrapper)[pri:0, instance:Runners.OpenCartRunner@2f465398]" started-at="2026-05-25T20:37:20 IST" name="runScenario" description="Runs Cucumber Scenarios" data-provider="scenarios" finished-at="2026-05-25T20:37:34 IST" duration-ms="13987" status="PASS">
          <params>
            <param index="0">
              <value>
                <![CDATA["Verify empty cart message"]]>
              </value>
            </param>
            <param index="1">
              <value>
                <![CDATA["Open Cart cart Module"]]>
              </value>
            </param>
          </params>
          <reporter-output>
          </reporter-output>
        </test-method> <!-- runScenario -->
        <test-method signature="runScenario(io.cucumber.testng.PickleWrapper,io.cucumber.testng.FeatureWrapper)[pri:0, instance:Runners.OpenCartRunner@2f465398]" started-at="2026-05-25T20:37:34 IST" name="runScenario" description="Runs Cucumber Scenarios" data-provider="scenarios" finished-at="2026-05-25T20:37:45 IST" duration-ms="10735" status="PASS">
          <params>
            <param index="0">
              <value>
                <![CDATA["Verify Checkout functionality"]]>
              </value>
            </param>
            <param index="1">
              <value>
                <![CDATA["Open Cart Checkout Feature"]]>
              </value>
            </param>
          </params>
          <reporter-output>
          </reporter-output>
        </test-method> <!-- runScenario -->
        <test-method signature="runScenario(io.cucumber.testng.PickleWrapper,io.cucumber.testng.FeatureWrapper)[pri:0, instance:Runners.OpenCartRunner@2f465398]" started-at="2026-05-25T20:37:45 IST" name="runScenario" description="Runs Cucumber Scenarios" data-provider="scenarios" finished-at="2026-05-25T20:37:51 IST" duration-ms="5960" status="PASS">
          <params>
            <param index="0">
              <value>
                <![CDATA["Verify logout functionality"]]>
              </value>
            </param>
            <param index="1">
              <value>
                <![CDATA["Open Cart Logout Module"]]>
              </value>
            </param>
          </params>
          <reporter-output>
          </reporter-output>
        </test-method> <!-- runScenario -->
        <test-method is-config="true" signature="tearDownClass()[pri:0, instance:Runners.OpenCartRunner@2f465398]" started-at="2026-05-25T20:37:51 IST" name="tearDownClass" finished-at="2026-05-25T20:37:51 IST" duration-ms="19" status="PASS">
          <reporter-output>
          </reporter-output>
        </test-method> <!-- tearDownClass -->
      </class> <!-- Runners.OpenCartRunner -->
    </test> <!-- Chrome Test -->
    <test started-at="2026-05-25T20:35:50 IST" name="Edge Test" finished-at="2026-05-25T20:37:51 IST" duration-ms="121596">
      <class name="Runners.OpenCartRunner">
        <test-method is-config="true" signature="setBrowser(java.lang.String)[pri:0, instance:Runners.OpenCartRunner@76f2bbc1]" started-at="2026-05-25T20:35:50 IST" name="setBrowser" finished-at="2026-05-25T20:35:50 IST" duration-ms="44" status="PASS">
          <params>
            <param index="0">
              <value>
                <![CDATA[edge]]>
              </value>
            </param>
          </params>
          <reporter-output>
          </reporter-output>
        </test-method> <!-- setBrowser -->
        <test-method is-config="true" signature="setUpClass(org.testng.ITestContext)[pri:0, instance:Runners.OpenCartRunner@76f2bbc1]" started-at="2026-05-25T20:35:50 IST" name="setUpClass" finished-at="2026-05-25T20:35:51 IST" duration-ms="1252" status="PASS">
          <params>
            <param index="0">
              <value>
                <![CDATA[org.testng.TestRunner@5fbdfdcf]]>
              </value>
            </param>
          </params>
          <reporter-output>
          </reporter-output>
        </test-method> <!-- setUpClass -->
        <test-method signature="runScenario(io.cucumber.testng.PickleWrapper,io.cucumber.testng.FeatureWrapper)[pri:0, instance:Runners.OpenCartRunner@76f2bbc1]" started-at="2026-05-25T20:35:51 IST" name="runScenario" description="Runs Cucumber Scenarios" data-provider="scenarios" finished-at="2026-05-25T20:36:00 IST" duration-ms="8850" status="PASS">
          <params>
            <param index="0">
              <value>
                <![CDATA["Login with valid email and password"]]>
              </value>
            </param>
            <param index="1">
              <value>
                <![CDATA["Open Cart Login Module"]]>
              </value>
            </param>
          </params>
          <reporter-output>
          </reporter-output>
        </test-method> <!-- runScenario -->
        <test-method signature="runScenario(io.cucumber.testng.PickleWrapper,io.cucumber.testng.FeatureWrapper)[pri:0, instance:Runners.OpenCartRunner@76f2bbc1]" started-at="2026-05-25T20:36:00 IST" name="runScenario" description="Runs Cucumber Scenarios" data-provider="scenarios" finished-at="2026-05-25T20:36:07 IST" duration-ms="7120" status="PASS">
          <params>
            <param index="0">
              <value>
                <![CDATA["Login with invalid email and password"]]>
              </value>
            </param>
            <param index="1">
              <value>
                <![CDATA["Open Cart Login Module"]]>
              </value>
            </param>
          </params>
          <reporter-output>
          </reporter-output>
        </test-method> <!-- runScenario -->
        <test-method signature="runScenario(io.cucumber.testng.PickleWrapper,io.cucumber.testng.FeatureWrapper)[pri:0, instance:Runners.OpenCartRunner@76f2bbc1]" started-at="2026-05-25T20:36:07 IST" name="runScenario" description="Runs Cucumber Scenarios" data-provider="scenarios" finished-at="2026-05-25T20:36:12 IST" duration-ms="5229" status="PASS">
          <params>
            <param index="0">
              <value>
                <![CDATA["Login with invalid email and password"]]>
              </value>
            </param>
            <param index="1">
              <value>
                <![CDATA["Open Cart Login Module"]]>
              </value>
            </param>
          </params>
          <reporter-output>
          </reporter-output>
        </test-method> <!-- runScenario -->
        <test-method signature="runScenario(io.cucumber.testng.PickleWrapper,io.cucumber.testng.FeatureWrapper)[pri:0, instance:Runners.OpenCartRunner@76f2bbc1]" started-at="2026-05-25T20:36:12 IST" name="runScenario" description="Runs Cucumber Scenarios" data-provider="scenarios" finished-at="2026-05-25T20:36:18 IST" duration-ms="5482" status="PASS">
          <params>
            <param index="0">
              <value>
                <![CDATA["Login with blank credentials"]]>
              </value>
            </param>
            <param index="1">
              <value>
                <![CDATA["Open Cart Login Module"]]>
              </value>
            </param>
          </params>
          <reporter-output>
          </reporter-output>
        </test-method> <!-- runScenario -->
        <test-method signature="runScenario(io.cucumber.testng.PickleWrapper,io.cucumber.testng.FeatureWrapper)[pri:0, instance:Runners.OpenCartRunner@76f2bbc1]" started-at="2026-05-25T20:36:18 IST" name="runScenario" description="Runs Cucumber Scenarios" data-provider="scenarios" finished-at="2026-05-25T20:36:22 IST" duration-ms="4520" status="PASS">
          <params>
            <param index="0">
              <value>
                <![CDATA["Verify navigation to Registration page"]]>
              </value>
            </param>
            <param index="1">
              <value>
                <![CDATA["Open Cart Registration Module"]]>
              </value>
            </param>
          </params>
          <reporter-output>
          </reporter-output>
        </test-method> <!-- runScenario -->
        <test-method signature="runScenario(io.cucumber.testng.PickleWrapper,io.cucumber.testng.FeatureWrapper)[pri:0, instance:Runners.OpenCartRunner@76f2bbc1]" started-at="2026-05-25T20:36:22 IST" name="runScenario" description="Runs Cucumber Scenarios" data-provider="scenarios" finished-at="2026-05-25T20:36:26 IST" duration-ms="4333" status="PASS">
          <params>
            <param index="0">
              <value>
                <![CDATA["Register user with valid Details"]]>
              </value>
            </param>
            <param index="1">
              <value>
                <![CDATA["Open Cart Registration Module"]]>
              </value>
            </param>
          </params>
          <reporter-output>
          </reporter-output>
        </test-method> <!-- runScenario -->
        <test-method signature="runScenario(io.cucumber.testng.PickleWrapper,io.cucumber.testng.FeatureWrapper)[pri:0, instance:Runners.OpenCartRunner@76f2bbc1]" started-at="2026-05-25T20:36:26 IST" name="runScenario" description="Runs Cucumber Scenarios" data-provider="scenarios" finished-at="2026-05-25T20:36:30 IST" duration-ms="3820" status="PASS">
          <params>
            <param index="0">
              <value>
                <![CDATA["Register User with existing email"]]>
              </value>
            </param>
            <param index="1">
              <value>
                <![CDATA["Open Cart Registration Module"]]>
              </value>
            </param>
          </params>
          <reporter-output>
          </reporter-output>
        </test-method> <!-- runScenario -->
        <test-method signature="runScenario(io.cucumber.testng.PickleWrapper,io.cucumber.testng.FeatureWrapper)[pri:0, instance:Runners.OpenCartRunner@76f2bbc1]" started-at="2026-05-25T20:36:30 IST" name="runScenario" description="Runs Cucumber Scenarios" data-provider="scenarios" finished-at="2026-05-25T20:36:34 IST" duration-ms="4087" status="PASS">
          <params>
            <param index="0">
              <value>
                <![CDATA["Register User with existing email"]]>
              </value>
            </param>
            <param index="1">
              <value>
                <![CDATA["Open Cart Registration Module"]]>
              </value>
            </param>
          </params>
          <reporter-output>
          </reporter-output>
        </test-method> <!-- runScenario -->
        <test-method signature="runScenario(io.cucumber.testng.PickleWrapper,io.cucumber.testng.FeatureWrapper)[pri:0, instance:Runners.OpenCartRunner@76f2bbc1]" started-at="2026-05-25T20:36:34 IST" name="runScenario" description="Runs Cucumber Scenarios" data-provider="scenarios" finished-at="2026-05-25T20:36:38 IST" duration-ms="3429" status="PASS">
          <params>
            <param index="0">
              <value>
                <![CDATA["Verify mandatory field validation messages"]]>
              </value>
            </param>
            <param index="1">
              <value>
                <![CDATA["Open Cart Registration Module"]]>
              </value>
            </param>
          </params>
          <reporter-output>
          </reporter-output>
        </test-method> <!-- runScenario -->
        <test-method signature="runScenario(io.cucumber.testng.PickleWrapper,io.cucumber.testng.FeatureWrapper)[pri:0, instance:Runners.OpenCartRunner@76f2bbc1]" started-at="2026-05-25T20:36:38 IST" name="runScenario" description="Runs Cucumber Scenarios" data-provider="scenarios" finished-at="2026-05-25T20:36:41 IST" duration-ms="3365" status="PASS">
          <params>
            <param index="0">
              <value>
                <![CDATA["Verify password mismatch validation"]]>
              </value>
            </param>
            <param index="1">
              <value>
                <![CDATA["Open Cart Registration Module"]]>
              </value>
            </param>
          </params>
          <reporter-output>
          </reporter-output>
        </test-method> <!-- runScenario -->
        <test-method signature="runScenario(io.cucumber.testng.PickleWrapper,io.cucumber.testng.FeatureWrapper)[pri:0, instance:Runners.OpenCartRunner@76f2bbc1]" started-at="2026-05-25T20:36:41 IST" name="runScenario" description="Runs Cucumber Scenarios" data-provider="scenarios" finished-at="2026-05-25T20:36:47 IST" duration-ms="5410" status="PASS">
          <params>
            <param index="0">
              <value>
                <![CDATA["Search Product using valid keyword"]]>
              </value>
            </param>
            <param index="1">
              <value>
                <![CDATA["Open Cart Product Module"]]>
              </value>
            </param>
          </params>
          <reporter-output>
          </reporter-output>
        </test-method> <!-- runScenario -->
        <test-method signature="runScenario(io.cucumber.testng.PickleWrapper,io.cucumber.testng.FeatureWrapper)[pri:0, instance:Runners.OpenCartRunner@76f2bbc1]" started-at="2026-05-25T20:36:47 IST" name="runScenario" description="Runs Cucumber Scenarios" data-provider="scenarios" finished-at="2026-05-25T20:36:52 IST" duration-ms="5007" status="PASS">
          <params>
            <param index="0">
              <value>
                <![CDATA["Search Product using valid keyword"]]>
              </value>
            </param>
            <param index="1">
              <value>
                <![CDATA["Open Cart Product Module"]]>
              </value>
            </param>
          </params>
          <reporter-output>
          </reporter-output>
        </test-method> <!-- runScenario -->
        <test-method signature="runScenario(io.cucumber.testng.PickleWrapper,io.cucumber.testng.FeatureWrapper)[pri:0, instance:Runners.OpenCartRunner@76f2bbc1]" started-at="2026-05-25T20:36:52 IST" name="runScenario" description="Runs Cucumber Scenarios" data-provider="scenarios" finished-at="2026-05-25T20:36:56 IST" duration-ms="4104" status="PASS">
          <params>
            <param index="0">
              <value>
                <![CDATA["Search Product using invalid keyword"]]>
              </value>
            </param>
            <param index="1">
              <value>
                <![CDATA["Open Cart Product Module"]]>
              </value>
            </param>
          </params>
          <reporter-output>
          </reporter-output>
        </test-method> <!-- runScenario -->
        <test-method signature="runScenario(io.cucumber.testng.PickleWrapper,io.cucumber.testng.FeatureWrapper)[pri:0, instance:Runners.OpenCartRunner@76f2bbc1]" started-at="2026-05-25T20:36:56 IST" name="runScenario" description="Runs Cucumber Scenarios" data-provider="scenarios" finished-at="2026-05-25T20:37:00 IST" duration-ms="3899" status="PASS">
          <params>
            <param index="0">
              <value>
                <![CDATA["Search Product using invalid keyword"]]>
              </value>
            </param>
            <param index="1">
              <value>
                <![CDATA["Open Cart Product Module"]]>
              </value>
            </param>
          </params>
          <reporter-output>
          </reporter-output>
        </test-method> <!-- runScenario -->
        <test-method signature="runScenario(io.cucumber.testng.PickleWrapper,io.cucumber.testng.FeatureWrapper)[pri:0, instance:Runners.OpenCartRunner@76f2bbc1]" started-at="2026-05-25T20:37:00 IST" name="runScenario" description="Runs Cucumber Scenarios" data-provider="scenarios" finished-at="2026-05-25T20:37:04 IST" duration-ms="3982" status="PASS">
          <params>
            <param index="0">
              <value>
                <![CDATA["Search Product with empty field"]]>
              </value>
            </param>
            <param index="1">
              <value>
                <![CDATA["Open Cart Product Module"]]>
              </value>
            </param>
          </params>
          <reporter-output>
          </reporter-output>
        </test-method> <!-- runScenario -->
        <test-method signature="runScenario(io.cucumber.testng.PickleWrapper,io.cucumber.testng.FeatureWrapper)[pri:0, instance:Runners.OpenCartRunner@76f2bbc1]" started-at="2026-05-25T20:37:04 IST" name="runScenario" description="Runs Cucumber Scenarios" data-provider="scenarios" finished-at="2026-05-25T20:37:09 IST" duration-ms="5810" status="PASS">
          <params>
            <param index="0">
              <value>
                <![CDATA["Add product to cart"]]>
              </value>
            </param>
            <param index="1">
              <value>
                <![CDATA["Open Cart cart Module"]]>
              </value>
            </param>
          </params>
          <reporter-output>
          </reporter-output>
        </test-method> <!-- runScenario -->
        <test-method signature="runScenario(io.cucumber.testng.PickleWrapper,io.cucumber.testng.FeatureWrapper)[pri:0, instance:Runners.OpenCartRunner@76f2bbc1]" started-at="2026-05-25T20:37:09 IST" name="runScenario" description="Runs Cucumber Scenarios" data-provider="scenarios" finished-at="2026-05-25T20:37:15 IST" duration-ms="5466" status="PASS">
          <params>
            <param index="0">
              <value>
                <![CDATA["Update product quantity"]]>
              </value>
            </param>
            <param index="1">
              <value>
                <![CDATA["Open Cart cart Module"]]>
              </value>
            </param>
          </params>
          <reporter-output>
          </reporter-output>
        </test-method> <!-- runScenario -->
        <test-method signature="runScenario(io.cucumber.testng.PickleWrapper,io.cucumber.testng.FeatureWrapper)[pri:0, instance:Runners.OpenCartRunner@76f2bbc1]" started-at="2026-05-25T20:37:15 IST" name="runScenario" description="Runs Cucumber Scenarios" data-provider="scenarios" finished-at="2026-05-25T20:37:20 IST" duration-ms="4683" status="PASS">
          <params>
            <param index="0">
              <value>
                <![CDATA["Remove product from cart"]]>
              </value>
            </param>
            <param index="1">
              <value>
                <![CDATA["Open Cart cart Module"]]>
              </value>
            </param>
          </params>
          <reporter-output>
          </reporter-output>
        </test-method> <!-- runScenario -->
        <test-method signature="runScenario(io.cucumber.testng.PickleWrapper,io.cucumber.testng.FeatureWrapper)[pri:0, instance:Runners.OpenCartRunner@76f2bbc1]" started-at="2026-05-25T20:37:20 IST" name="runScenario" description="Runs Cucumber Scenarios" data-provider="scenarios" finished-at="2026-05-25T20:37:34 IST" duration-ms="14462" status="PASS">
          <params>
            <param index="0">
              <value>
                <![CDATA["Verify empty cart message"]]>
              </value>
            </param>
            <param index="1">
              <value>
                <![CDATA["Open Cart cart Module"]]>
              </value>
            </param>
          </params>
          <reporter-output>
          </reporter-output>
        </test-method> <!-- runScenario -->
        <test-method signature="runScenario(io.cucumber.testng.PickleWrapper,io.cucumber.testng.FeatureWrapper)[pri:0, instance:Runners.OpenCartRunner@76f2bbc1]" started-at="2026-05-25T20:37:34 IST" name="runScenario" description="Runs Cucumber Scenarios" data-provider="scenarios" finished-at="2026-05-25T20:37:46 IST" duration-ms="11688" status="PASS">
          <params>
            <param index="0">
              <value>
                <![CDATA["Verify Checkout functionality"]]>
              </value>
            </param>
            <param index="1">
              <value>
                <![CDATA["Open Cart Checkout Feature"]]>
              </value>
            </param>
          </params>
          <reporter-output>
          </reporter-output>
        </test-method> <!-- runScenario -->
        <test-method signature="runScenario(io.cucumber.testng.PickleWrapper,io.cucumber.testng.FeatureWrapper)[pri:0, instance:Runners.OpenCartRunner@76f2bbc1]" started-at="2026-05-25T20:37:46 IST" name="runScenario" description="Runs Cucumber Scenarios" data-provider="scenarios" finished-at="2026-05-25T20:37:51 IST" duration-ms="5447" status="PASS">
          <params>
            <param index="0">
              <value>
                <![CDATA["Verify logout functionality"]]>
              </value>
            </param>
            <param index="1">
              <value>
                <![CDATA["Open Cart Logout Module"]]>
              </value>
            </param>
          </params>
          <reporter-output>
          </reporter-output>
        </test-method> <!-- runScenario -->
        <test-method is-config="true" signature="tearDownClass()[pri:0, instance:Runners.OpenCartRunner@76f2bbc1]" started-at="2026-05-25T20:37:51 IST" name="tearDownClass" finished-at="2026-05-25T20:37:51 IST" duration-ms="10" status="PASS">
          <reporter-output>
          </reporter-output>
        </test-method> <!-- tearDownClass -->
      </class> <!-- Runners.OpenCartRunner -->
    </test> <!-- Edge Test -->
  </suite> <!-- OpenCart Suite -->
</testng-results>
