<?xml version="1.0" encoding="UTF-8"?>
<!-- Generated by org.testng.reporters.JUnitReportReporter -->
<testsuite hostname="POLISETTY-LAPPY" failures="0" tests="42" name="Runners.OpenCartRunner" time="265.900" errors="0" timestamp="2026-05-26T09:50:23 IST" skipped="0">
  <testcase classname="Runners.OpenCartRunner" name="runScenario" time="5.872"/>
  <testcase classname="Runners.OpenCartRunner" name="runScenario" time="4.241"/>
  <testcase classname="Runners.OpenCartRunner" name="runScenario" time="14.628"/>
  <testcase classname="Runners.OpenCartRunner" name="runScenario" time="4.088"/>
  <testcase classname="Runners.OpenCartRunner" name="runScenario" time="6.520"/>
  <testcase classname="Runners.OpenCartRunner" name="runScenario" time="18.806"/>
  <testcase classname="Runners.OpenCartRunner" name="runScenario" time="9.046"/>
  <testcase classname="Runners.OpenCartRunner" name="runScenario" time="3.956"/>
  <testcase classname="Runners.OpenCartRunner" name="runScenario" time="4.993"/>
  <testcase classname="Runners.OpenCartRunner" name="runScenario" time="4.906"/>
  <testcase classname="Runners.OpenCartRunner" name="runScenario" time="4.297"/>
  <testcase classname="Runners.OpenCartRunner" name="runScenario" time="4.975"/>
  <testcase classname="Runners.OpenCartRunner" name="runScenario" time="4.220"/>
  <testcase classname="Runners.OpenCartRunner" name="runScenario" time="6.183"/>
  <testcase classname="Runners.OpenCartRunner" name="runScenario" time="4.320"/>
  <testcase classname="Runners.OpenCartRunner" name="runScenario" time="4.470"/>
  <testcase classname="Runners.OpenCartRunner" name="runScenario" time="6.397"/>
  <testcase classname="Runners.OpenCartRunner" name="runScenario" time="5.679"/>
  <testcase classname="Runners.OpenCartRunner" name="runScenario" time="4.693"/>
  <testcase classname="Runners.OpenCartRunner" name="runScenario" time="5.368"/>
  <testcase classname="Runners.OpenCartRunner" name="runScenario" time="8.922"/>
  <testcase classname="Runners.OpenCartRunner" name="runScenario" time="7.566"/>
  <testcase classname="Runners.OpenCartRunner" name="runScenario" time="3.983"/>
  <testcase classname="Runners.OpenCartRunner" name="runScenario" time="4.912"/>
  <testcase classname="Runners.OpenCartRunner" name="runScenario" time="4.305"/>
  <testcase classname="Runners.OpenCartRunner" name="runScenario" time="4.206"/>
  <testcase classname="Runners.OpenCartRunner" name="runScenario" time="4.283"/>
  <testcase classname="Runners.OpenCartRunner" name="runScenario" time="3.966"/>
  <testcase classname="Runners.OpenCartRunner" name="runScenario" time="2.850"/>
  <testcase classname="Runners.OpenCartRunner" name="runScenario" time="9.467"/>
  <testcase classname="Runners.OpenCartRunner" name="runScenario" time="4.169"/>
  <testcase classname="Runners.OpenCartRunner" name="runScenario" time="5.094"/>
  <testcase classname="Runners.OpenCartRunner" name="runScenario" time="5.340"/>
  <testcase classname="Runners.OpenCartRunner" name="runScenario" time="5.051"/>
  <testcase classname="Runners.OpenCartRunner" name="runScenario" time="4.893"/>
  <testcase classname="Runners.OpenCartRunner" name="runScenario" time="10.110"/>
  <testcase classname="Runners.OpenCartRunner" name="runScenario" time="3.015"/>
  <testcase classname="Runners.OpenCartRunner" name="runScenario" time="14.437"/>
  <testcase classname="Runners.OpenCartRunner" name="runScenario" time="17.315"/>
  <testcase classname="Runners.OpenCartRunner" name="runScenario" time="6.005"/>
  <testcase classname="Runners.OpenCartRunner" name="runScenario" time="4.213"/>
  <testcase classname="Runners.OpenCartRunner" name="runScenario" time="4.140"/>
</testsuite> <!-- Runners.OpenCartRunner -->
