<?xml version="1.0" encoding="UTF-8"?>
<!-- Generated by org.testng.reporters.JUnitReportReporter -->
<testsuite hostname="POLISETTY-LAPPY" failures="0" tests="42" name="Runners.OpenCartRunner" time="275.497" errors="1" timestamp="2026-05-23T15:38:55 IST" skipped="0">
  <testcase classname="Runners.OpenCartRunner" name="runScenario" time="5.471"/>
  <testcase classname="Runners.OpenCartRunner" name="runScenario" time="5.217"/>
  <testcase classname="Runners.OpenCartRunner" name="runScenario" time="4.260"/>
  <testcase classname="Runners.OpenCartRunner" name="runScenario" time="4.667"/>
  <testcase classname="Runners.OpenCartRunner" name="runScenario" time="5.911"/>
  <testcase classname="Runners.OpenCartRunner" name="runScenario" time="4.581"/>
  <testcase classname="Runners.OpenCartRunner" name="runScenario" time="14.069"/>
  <testcase classname="Runners.OpenCartRunner" name="runScenario" time="5.925"/>
  <testcase classname="Runners.OpenCartRunner" name="runScenario" time="5.924"/>
  <testcase classname="Runners.OpenCartRunner" name="runScenario" time="6.109"/>
  <testcase classname="Runners.OpenCartRunner" name="runScenario" time="6.381"/>
  <testcase classname="Runners.OpenCartRunner" name="runScenario" time="4.328"/>
  <testcase classname="Runners.OpenCartRunner" name="runScenario" time="4.470"/>
  <testcase classname="Runners.OpenCartRunner" name="runScenario" time="6.228"/>
  <testcase classname="Runners.OpenCartRunner" name="runScenario" time="5.901"/>
  <testcase classname="Runners.OpenCartRunner" name="runScenario" time="5.308"/>
  <testcase classname="Runners.OpenCartRunner" name="runScenario" time="4.134"/>
  <testcase classname="Runners.OpenCartRunner" name="runScenario" time="5.961"/>
  <testcase classname="Runners.OpenCartRunner" name="runScenario" time="4.592"/>
  <testcase classname="Runners.OpenCartRunner" name="runScenario" time="5.875"/>
  <testcase classname="Runners.OpenCartRunner" name="runScenario" time="5.129"/>
  <testcase classname="Runners.OpenCartRunner" name="runScenario" time="9.096"/>
  <testcase classname="Runners.OpenCartRunner" name="runScenario" time="5.046"/>
  <testcase classname="Runners.OpenCartRunner" name="runScenario" time="4.232"/>
  <testcase classname="Runners.OpenCartRunner" name="runScenario" time="4.553"/>
  <testcase classname="Runners.OpenCartRunner" name="runScenario" time="13.564"/>
  <testcase classname="Runners.OpenCartRunner" name="runScenario" time="4.224"/>
  <testcase classname="Runners.OpenCartRunner" name="runScenario" time="13.356"/>
  <testcase classname="Runners.OpenCartRunner" name="runScenario" time="4.436"/>
  <testcase classname="Runners.OpenCartRunner" name="runScenario" time="4.977"/>
  <testcase classname="Runners.OpenCartRunner" name="runScenario" time="4.672"/>
  <testcase classname="Runners.OpenCartRunner" name="runScenario" time="9.053"/>
  <testcase classname="Runners.OpenCartRunner" name="runScenario" time="4.443"/>
  <testcase classname="Runners.OpenCartRunner" name="runScenario" time="5.238"/>
  <testcase classname="Runners.OpenCartRunner" name="runScenario" time="3.928"/>
  <testcase classname="Runners.OpenCartRunner" name="runScenario" time="5.092"/>
  <testcase classname="Runners.OpenCartRunner" name="runScenario" time="5.670"/>
  <testcase classname="Runners.OpenCartRunner" name="runScenario" time="6.114"/>
  <testcase classname="Runners.OpenCartRunner" name="runScenario" time="5.958"/>
  <testcase classname="Runners.OpenCartRunner" name="runScenario" time="30.589">
    <error message="Expected condition failed: waiting for visibility of element found by By.xpath: //a[contains(text(),&#039;Payment Method&#039;)], but... org.openqa.selenium.NoSuchElementException: no such element: Unable to locate element: {&quot;method&quot;:&quot;xpath&quot;,&quot;selector&quot;:&quot;//a[contains(text(),&#039;Payment Method&#039;)]&quot;}.
(tried for 15 seconds with 500 milliseconds interval)
Build info: version: &#039;4.44.0&#039;, revision: &#039;da2039b&#039;
System info: os.name: &#039;Windows 11&#039;, os.arch: &#039;amd64&#039;, os.version: &#039;10.0&#039;, java.version: &#039;21.0.11&#039;
Driver info: org.openqa.selenium.edge.EdgeDriver
Capabilities {acceptInsecureCerts: false, browserName: MicrosoftEdge, browserVersion: 148.0.3967.70, fedcm:accounts: true, goog:processID: 33288, ms:edgeOptions: {debuggerAddress: localhost:53056}, msedge: {msedgedriverVersion: 148.0.3967.83 (2db6d3cb8b2d..., userDataDir: C:\Users\YOGESWAR\AppData\L...}, networkConnectionEnabled: false, pageLoadStrategy: normal, platformName: windows, proxy: Proxy(), se:cdp: ws://localhost:53056/devtoo..., se:cdpVersion: 148.0.3967.70, setWindowRect: true, strictFileInteractability: false, timeouts: {implicit: 0, pageLoad: 300000, script: 30000}, unhandledPromptBehavior: dismiss and notify, webauthn:extension:credBlob: true, webauthn:extension:largeBlob: true, webauthn:extension:minPinLength: true, webauthn:extension:prf: true, webauthn:virtualAuthenticators: true}
Session ID: 130dee56e102676c2585711118300a1d" type="org.openqa.selenium.TimeoutException">
      <![CDATA[org.openqa.selenium.TimeoutException: Expected condition failed: waiting for visibility of element found by By.xpath: //a[contains(text(),'Payment Method')], but... org.openqa.selenium.NoSuchElementException: no such element: Unable to locate element: {"method":"xpath","selector":"//a[contains(text(),'Payment Method')]"}.
(tried for 15 seconds with 500 milliseconds interval)
Build info: version: '4.44.0', revision: 'da2039b'
System info: os.name: 'Windows 11', os.arch: 'amd64', os.version: '10.0', java.version: '21.0.11'
Driver info: org.openqa.selenium.edge.EdgeDriver
Capabilities {acceptInsecureCerts: false, browserName: MicrosoftEdge, browserVersion: 148.0.3967.70, fedcm:accounts: true, goog:processID: 33288, ms:edgeOptions: {debuggerAddress: localhost:53056}, msedge: {msedgedriverVersion: 148.0.3967.83 (2db6d3cb8b2d..., userDataDir: C:\Users\YOGESWAR\AppData\L...}, networkConnectionEnabled: false, pageLoadStrategy: normal, platformName: windows, proxy: Proxy(), se:cdp: ws://localhost:53056/devtoo..., se:cdpVersion: 148.0.3967.70, setWindowRect: true, strictFileInteractability: false, timeouts: {implicit: 0, pageLoad: 300000, script: 30000}, unhandledPromptBehavior: dismiss and notify, webauthn:extension:credBlob: true, webauthn:extension:largeBlob: true, webauthn:extension:minPinLength: true, webauthn:extension:prf: true, webauthn:virtualAuthenticators: true}
Session ID: 130dee56e102676c2585711118300a1d
at org.openqa.selenium.support.ui.WebDriverWait.timeoutException(WebDriverWait.java:85)
at org.openqa.selenium.support.ui.FluentWait.until(FluentWait.java:234)
at Pages.CheckoutPage.checkPaymentMethod(CheckoutPage.java:73)
at StepDefinitions.CheckoutSteps.user_enters_delivery_method_and_payment_method_and_confirm_order(CheckoutSteps.java:64)
at ✽.User enters delivery method and payment method and confirm order(file:///C:/Users/YOGESWAR/OneDrive/Desktop/SDET_Capstone_Project/Capstone_Project_OpenCart/CapstoneOpenCartProject/src/test/resources/Features/Feature5_Checkout.feature:8)
]]>
    </error>
  </testcase> <!-- runScenario -->
  <testcase classname="Runners.OpenCartRunner" name="runScenario" time="6.219"/>
  <testcase classname="Runners.OpenCartRunner" name="runScenario" time="4.596"/>
</testsuite> <!-- Runners.OpenCartRunner -->
