<?xml version="1.0" encoding="UTF-8"?>
<!-- Generated by org.testng.reporters.JUnitReportReporter -->
<testsuite hostname="POLISETTY-LAPPY" failures="0" tests="42" name="Runners.OpenCartRunner" time="199.289" errors="0" timestamp="2026-05-26T06:15:25 IST" skipped="0">
  <testcase classname="Runners.OpenCartRunner" name="runScenario" time="2.933"/>
  <testcase classname="Runners.OpenCartRunner" name="runScenario" time="3.204"/>
  <testcase classname="Runners.OpenCartRunner" name="runScenario" time="13.942"/>
  <testcase classname="Runners.OpenCartRunner" name="runScenario" time="4.568"/>
  <testcase classname="Runners.OpenCartRunner" name="runScenario" time="4.465"/>
  <testcase classname="Runners.OpenCartRunner" name="runScenario" time="2.620"/>
  <testcase classname="Runners.OpenCartRunner" name="runScenario" time="3.749"/>
  <testcase classname="Runners.OpenCartRunner" name="runScenario" time="9.848"/>
  <testcase classname="Runners.OpenCartRunner" name="runScenario" time="4.130"/>
  <testcase classname="Runners.OpenCartRunner" name="runScenario" time="4.679"/>
  <testcase classname="Runners.OpenCartRunner" name="runScenario" time="2.581"/>
  <testcase classname="Runners.OpenCartRunner" name="runScenario" time="4.618"/>
  <testcase classname="Runners.OpenCartRunner" name="runScenario" time="4.867"/>
  <testcase classname="Runners.OpenCartRunner" name="runScenario" time="3.088"/>
  <testcase classname="Runners.OpenCartRunner" name="runScenario" time="2.985"/>
  <testcase classname="Runners.OpenCartRunner" name="runScenario" time="2.396"/>
  <testcase classname="Runners.OpenCartRunner" name="runScenario" time="5.743"/>
  <testcase classname="Runners.OpenCartRunner" name="runScenario" time="5.696"/>
  <testcase classname="Runners.OpenCartRunner" name="runScenario" time="4.659"/>
  <testcase classname="Runners.OpenCartRunner" name="runScenario" time="3.118"/>
  <testcase classname="Runners.OpenCartRunner" name="runScenario" time="2.897"/>
  <testcase classname="Runners.OpenCartRunner" name="runScenario" time="3.668"/>
  <testcase classname="Runners.OpenCartRunner" name="runScenario" time="2.242"/>
  <testcase classname="Runners.OpenCartRunner" name="runScenario" time="3.876"/>
  <testcase classname="Runners.OpenCartRunner" name="runScenario" time="6.400"/>
  <testcase classname="Runners.OpenCartRunner" name="runScenario" time="5.650"/>
  <testcase classname="Runners.OpenCartRunner" name="runScenario" time="3.036"/>
  <testcase classname="Runners.OpenCartRunner" name="runScenario" time="4.329"/>
  <testcase classname="Runners.OpenCartRunner" name="runScenario" time="13.769"/>
  <testcase classname="Runners.OpenCartRunner" name="runScenario" time="4.164"/>
  <testcase classname="Runners.OpenCartRunner" name="runScenario" time="4.775"/>
  <testcase classname="Runners.OpenCartRunner" name="runScenario" time="10.913"/>
  <testcase classname="Runners.OpenCartRunner" name="runScenario" time="5.641"/>
  <testcase classname="Runners.OpenCartRunner" name="runScenario" time="4.734"/>
  <testcase classname="Runners.OpenCartRunner" name="runScenario" time="3.151"/>
  <testcase classname="Runners.OpenCartRunner" name="runScenario" time="3.120"/>
  <testcase classname="Runners.OpenCartRunner" name="runScenario" time="3.223"/>
  <testcase classname="Runners.OpenCartRunner" name="runScenario" time="6.406"/>
  <testcase classname="Runners.OpenCartRunner" name="runScenario" time="5.111"/>
  <testcase classname="Runners.OpenCartRunner" name="runScenario" time="1.938"/>
  <testcase classname="Runners.OpenCartRunner" name="runScenario" time="3.573"/>
  <testcase classname="Runners.OpenCartRunner" name="runScenario" time="2.784"/>
</testsuite> <!-- Runners.OpenCartRunner -->
