<?xml version="1.0" encoding="UTF-8"?>
<!-- Generated by org.testng.reporters.JUnitReportReporter -->
<testsuite hostname="POLISETTY-LAPPY" failures="0" tests="42" name="Runners.OpenCartRunner" time="400.089" errors="0" timestamp="2026-05-23T15:04:42 IST" skipped="0">
  <testcase classname="Runners.OpenCartRunner" name="runScenario" time="8.375"/>
  <testcase classname="Runners.OpenCartRunner" name="runScenario" time="9.419"/>
  <testcase classname="Runners.OpenCartRunner" name="runScenario" time="7.745"/>
  <testcase classname="Runners.OpenCartRunner" name="runScenario" time="18.417"/>
  <testcase classname="Runners.OpenCartRunner" name="runScenario" time="8.807"/>
  <testcase classname="Runners.OpenCartRunner" name="runScenario" time="7.528"/>
  <testcase classname="Runners.OpenCartRunner" name="runScenario" time="7.884"/>
  <testcase classname="Runners.OpenCartRunner" name="runScenario" time="7.844"/>
  <testcase classname="Runners.OpenCartRunner" name="runScenario" time="9.074"/>
  <testcase classname="Runners.OpenCartRunner" name="runScenario" time="11.450"/>
  <testcase classname="Runners.OpenCartRunner" name="runScenario" time="6.469"/>
  <testcase classname="Runners.OpenCartRunner" name="runScenario" time="5.980"/>
  <testcase classname="Runners.OpenCartRunner" name="runScenario" time="7.422"/>
  <testcase classname="Runners.OpenCartRunner" name="runScenario" time="6.970"/>
  <testcase classname="Runners.OpenCartRunner" name="runScenario" time="11.596"/>
  <testcase classname="Runners.OpenCartRunner" name="runScenario" time="8.644"/>
  <testcase classname="Runners.OpenCartRunner" name="runScenario" time="8.735"/>
  <testcase classname="Runners.OpenCartRunner" name="runScenario" time="8.549"/>
  <testcase classname="Runners.OpenCartRunner" name="runScenario" time="9.262"/>
  <testcase classname="Runners.OpenCartRunner" name="runScenario" time="6.940"/>
  <testcase classname="Runners.OpenCartRunner" name="runScenario" time="7.231"/>
  <testcase classname="Runners.OpenCartRunner" name="runScenario" time="8.518"/>
  <testcase classname="Runners.OpenCartRunner" name="runScenario" time="8.097"/>
  <testcase classname="Runners.OpenCartRunner" name="runScenario" time="7.207"/>
  <testcase classname="Runners.OpenCartRunner" name="runScenario" time="7.885"/>
  <testcase classname="Runners.OpenCartRunner" name="runScenario" time="7.442"/>
  <testcase classname="Runners.OpenCartRunner" name="runScenario" time="7.843"/>
  <testcase classname="Runners.OpenCartRunner" name="runScenario" time="18.936"/>
  <testcase classname="Runners.OpenCartRunner" name="runScenario" time="16.076"/>
  <testcase classname="Runners.OpenCartRunner" name="runScenario" time="10.535"/>
  <testcase classname="Runners.OpenCartRunner" name="runScenario" time="8.711"/>
  <testcase classname="Runners.OpenCartRunner" name="runScenario" time="5.519"/>
  <testcase classname="Runners.OpenCartRunner" name="runScenario" time="7.425"/>
  <testcase classname="Runners.OpenCartRunner" name="runScenario" time="15.971"/>
  <testcase classname="Runners.OpenCartRunner" name="runScenario" time="17.892"/>
  <testcase classname="Runners.OpenCartRunner" name="runScenario" time="7.941"/>
  <testcase classname="Runners.OpenCartRunner" name="runScenario" time="9.215"/>
  <testcase classname="Runners.OpenCartRunner" name="runScenario" time="8.700"/>
  <testcase classname="Runners.OpenCartRunner" name="runScenario" time="9.160"/>
  <testcase classname="Runners.OpenCartRunner" name="runScenario" time="5.788"/>
  <testcase classname="Runners.OpenCartRunner" name="runScenario" time="7.052"/>
  <testcase classname="Runners.OpenCartRunner" name="runScenario" time="19.835"/>
</testsuite> <!-- Runners.OpenCartRunner -->
